2025-10-30 12:41:42.218 [info] Starting Python Locator /home/davineves/.vscode-server/extensions/ms-python.python-2025.16.0-linux-x64/python-env-tools/bin/pet server
2025-10-30 12:41:42.218 [info] Discovered env: /home/linuxbrew/.linuxbrew/bin/python3.13
2025-10-30 12:41:42.218 [info] Discovered env: /home/linuxbrew/.linuxbrew/bin/python3
2025-10-30 12:41:42.219 [info] Discovered env: /usr/bin/python
2025-10-30 12:41:42.221 [info] Discovered env: /bin/python
2025-10-30 12:41:42.222 [info] Resolved /home/linuxbrew/.linuxbrew/bin/python3
2025-10-30 12:41:42.450 [info] Resolved /home/linuxbrew/.linuxbrew/bin/python3.13
2025-10-30 12:41:42.460 [info] Locator Conda took 106.500747ms
2025-10-30 12:41:42.461 [info] Locator Homebrew took 116.262922ms
2025-10-30 12:41:42.462 [info] Locator LinuxGlobal took 355.217906ms
2025-10-30 12:41:42.462 [info] Locator PipEnv took 242.994µs
2025-10-30 12:41:42.463 [info] Locator Pixi took 304.814µs
2025-10-30 12:41:42.463 [info] Locator Poetry took 905.615µs
2025-10-30 12:41:42.463 [info] Locator PyEnv took 2.127965ms
2025-10-30 12:41:42.463 [info] Locator Venv took 56.328µs
2025-10-30 12:41:42.463 [info] Locator VirtualEnv took 16.84887ms
2025-10-30 12:41:42.463 [info] Locator VirtualEnvWrapper took 1.165277ms
2025-10-30 12:41:42.463 [info] Locator GlobalVirtualEnvs took 6.842936ms
2025-10-30 12:41:42.463 [info] Locator Locators took 377.010512ms
2025-10-30 12:41:42.463 [info] Locator Path took 932.139828ms
2025-10-30 12:41:42.463 [info] Locator Workspaces took 42.534506ms
2025-10-30 12:41:42.464 [info] Refresh completed in 933ms
2025-10-30 12:41:45.143 [error] Failed to execute Python to resolve info "/usr/local/bin/python3": No such file or directory (os error 2)
2025-10-30 12:41:45.144 [warning] Unknown Python Env "/usr/local/bin/python3"
2025-10-30 12:41:45.144 [error] Failed to resolve env "/usr/local/bin/python3"
2025-10-30 12:41:45.243 [info] Discovered env: /home/linuxbrew/.linuxbrew/bin/python3
2025-10-30 12:41:45.244 [info] Discovered env: /home/linuxbrew/.linuxbrew/bin/python3.13
2025-10-30 12:41:45.288 [info] Discovered env: /bin/python
2025-10-30 12:41:45.299 [info] Discovered env: /usr/bin/python
2025-10-30 12:41:45.311 [info] Resolved /home/linuxbrew/.linuxbrew/bin/python3
2025-10-30 12:41:45.319 [info] Resolved /home/linuxbrew/.linuxbrew/bin/python3.13
2025-10-30 12:41:45.338 [info] Locator Conda took 122.38218ms
2025-10-30 12:41:45.338 [info] Locator Homebrew took 106.36948ms
2025-10-30 12:41:45.338 [info] Locator LinuxGlobal took 151.322299ms
2025-10-30 12:41:45.338 [info] Locator PipEnv took 1.529458ms
2025-10-30 12:41:45.338 [info] Locator Pixi took 617.96µs
2025-10-30 12:41:45.338 [info] Locator Poetry took 2.388214ms
2025-10-30 12:41:45.338 [info] Locator PyEnv took 3.362585ms
2025-10-30 12:41:45.338 [info] Locator Venv took 123.263µs
2025-10-30 12:41:45.338 [info] Locator VirtualEnv took 422.725µs
2025-10-30 12:41:45.338 [info] Locator VirtualEnvWrapper took 2.718378ms
2025-10-30 12:41:45.338 [info] Locator GlobalVirtualEnvs took 3.626375ms
2025-10-30 12:41:45.338 [info] Locator Locators took 170.035688ms
2025-10-30 12:41:45.338 [info] Locator Path took 206.977998ms
2025-10-30 12:41:45.339 [info] Locator Workspaces took 29.297469ms
2025-10-30 12:41:45.339 [info] Refresh completed in 208ms
2025-10-30 12:41:45.819 [info] Discovered env: /bin/python
2025-10-30 12:41:45.823 [info] Discovered env: /home/linuxbrew/.linuxbrew/bin/python3.13
2025-10-30 12:41:45.825 [info] Discovered env: /home/linuxbrew/.linuxbrew/bin/python3
2025-10-30 12:41:45.855 [info] Discovered env: /usr/bin/python
2025-10-30 12:41:45.866 [info] Resolved /home/linuxbrew/.linuxbrew/bin/python3.13
2025-10-30 12:41:45.872 [info] Resolved /home/linuxbrew/.linuxbrew/bin/python3
2025-10-30 12:41:45.900 [info] Locator Conda took 122.490049ms
2025-10-30 12:41:45.900 [info] Locator Homebrew took 116.068197ms
2025-10-30 12:41:45.901 [info] Locator LinuxGlobal took 145.913339ms
2025-10-30 12:41:45.901 [info] Locator PipEnv took 33.347µs
2025-10-30 12:41:45.901 [info] Locator Pixi took 340.258µs
2025-10-30 12:41:45.901 [info] Locator Poetry took 338.488µs
2025-10-30 12:41:45.901 [info] Locator PyEnv took 409.04µs
2025-10-30 12:41:45.901 [info] Locator Venv took 407.174µs
2025-10-30 12:41:45.901 [info] Locator VirtualEnv took 261.342µs
2025-10-30 12:41:45.901 [info] Locator VirtualEnvWrapper took 475.962µs
2025-10-30 12:41:45.901 [info] Locator GlobalVirtualEnvs took 187.867µs
2025-10-30 12:41:45.901 [info] Locator Locators took 149.391349ms
2025-10-30 12:41:45.901 [info] Locator Path took 192.594072ms
2025-10-30 12:41:45.901 [info] Locator Workspaces took 6.932305ms
2025-10-30 12:41:45.901 [info] Refresh completed in 192ms
2025-10-30 12:41:46.465 [info] Resolved Python Environment /home/linuxbrew/.linuxbrew/bin/python3
2025-10-30 12:42:10.188 [info] Discovered env: /home/linuxbrew/.linuxbrew/bin/python3.13
2025-10-30 12:42:10.253 [info] Discovered env: /home/linuxbrew/.linuxbrew/bin/python3
2025-10-30 12:42:10.256 [info] Discovered env: /bin/python
2025-10-30 12:42:10.280 [info] Discovered env: /usr/bin/python
2025-10-30 12:42:10.281 [info] Resolved /home/linuxbrew/.linuxbrew/bin/python3.13
2025-10-30 12:42:10.302 [info] Resolved /home/linuxbrew/.linuxbrew/bin/python3
2025-10-30 12:42:10.330 [info] Locator Conda took 154.492434ms
2025-10-30 12:42:10.330 [info] Locator Homebrew took 130.196682ms
2025-10-30 12:42:10.330 [info] Locator LinuxGlobal took 152.515856ms
2025-10-30 12:42:10.330 [info] Locator PipEnv took 208.792µs
2025-10-30 12:42:10.330 [info] Locator Pixi took 381.177µs
2025-10-30 12:42:10.330 [info] Locator Poetry took 1.388352ms
2025-10-30 12:42:10.330 [info] Locator PyEnv took 1.709384ms
2025-10-30 12:42:10.330 [info] Locator Venv took 312.218µs
2025-10-30 12:42:10.330 [info] Locator VirtualEnv took 287.827µs
2025-10-30 12:42:10.330 [info] Locator VirtualEnvWrapper took 436.317µs
2025-10-30 12:42:10.330 [info] Locator GlobalVirtualEnvs took 1.531263ms
2025-10-30 12:42:10.330 [info] Locator Locators took 164.095222ms
2025-10-30 12:42:10.330 [info] Locator Path took 212.360288ms
2025-10-30 12:42:10.330 [info] Locator Workspaces took 28.428738ms
2025-10-30 12:42:10.330 [info] Refresh completed in 212ms
2025-10-30 12:43:19.427 [info] Resolved Python Environment /home/linuxbrew/.linuxbrew/bin/python3
2025-10-30 12:51:26.854 [info] Resolved Python Environment /home/linuxbrew/.linuxbrew/bin/python3
2025-10-30 12:53:07.278 [info] Resolved Python Environment /home/linuxbrew/.linuxbrew/bin/python3
