2025-10-30 18:01:07.202 [info] [Info  - 6:01:07 PM] (2217397) Server root directory: file:///home/davineves/.vscode-server/extensions/ms-python.vscode-pylance-2025.4.1/dist
2025-10-30 18:01:07.209 [info] [Info  - 6:01:07 PM] (2217397) Pylance language server 2025.4.1 (pyright version 1.1.398, commit 4f24eccc) starting
2025-10-30 18:01:07.209 [info] [Info  - 6:01:07 PM] (2217397) Starting service instance "davineves" for workspace "/home/davineves"
2025-10-30 18:01:07.323 [info] [Info  - 6:01:07 PM] (2217397) Setting environmentName for service "davineves": "3.14.0 (.venv venv)"
2025-10-30 18:01:07.325 [info] [Info  - 6:01:07 PM] (2217397) Setting pythonPath for service "davineves": "/home/davineves/.venv/bin/python"
2025-10-30 18:01:07.326 [info] [Info  - 6:01:07 PM] (2217397) No include entries specified; assuming /home/davineves
2025-10-30 18:01:07.327 [info] [Info  - 6:01:07 PM] (2217397) Auto-excluding **/node_modules
2025-10-30 18:01:07.328 [info] [Info  - 6:01:07 PM] (2217397) Auto-excluding **/__pycache__
2025-10-30 18:01:07.328 [info] [Info  - 6:01:07 PM] (2217397) Auto-excluding **/.*
2025-10-30 18:01:07.403 [info] [Info  - 6:01:07 PM] (2217397) Assuming Python version 3.14.0.final.0
2025-10-30 18:01:07.679 [info] [Info  - 6:01:07 PM] (2217397) Auto-excluding /home/davineves/venv
2025-10-30 18:01:07.735 [info] [Info  - 6:01:07 PM] (2217397) Found 3 source files
2025-10-30 18:01:07.774 [info] [Info  - 6:01:07 PM] (2217397) Setting environmentName for service "davineves": "3.14.0 (.venv venv)"
2025-10-30 18:01:07.775 [info] [Info  - 6:01:07 PM] (2217397) Setting pythonPath for service "davineves": "/home/davineves/.venv/bin/python"
2025-10-30 18:01:07.775 [info] [Info  - 6:01:07 PM] (2217397) No include entries specified; assuming /home/davineves
2025-10-30 18:01:07.775 [info] [Info  - 6:01:07 PM] (2217397) Auto-excluding **/node_modules
2025-10-30 18:01:07.775 [info] [Info  - 6:01:07 PM] (2217397) Auto-excluding **/__pycache__
2025-10-30 18:01:07.775 [info] [Info  - 6:01:07 PM] (2217397) Auto-excluding **/.*
2025-10-30 18:01:07.775 [info] [Info  - 6:01:07 PM] (2217397) Assuming Python version 3.14.0.final.0
2025-10-30 18:01:07.986 [info] [Info  - 6:01:07 PM] (2217397) Auto-excluding /home/davineves/venv
2025-10-30 18:01:07.986 [info] [Info  - 6:01:07 PM] (2217397) Found 3 source files
2025-10-30 18:01:08.270 [info] [Info  - 6:01:08 PM] (2217397) BG: Priority queue background worker(2) root directory: file:///home/davineves/.vscode-server/extensions/ms-python.vscode-pylance-2025.4.1/dist
2025-10-30 18:01:08.271 [info] [Info  - 6:01:08 PM] (2217397) BG: Priority queue background worker(2) started
2025-10-30 18:01:08.665 [info] [Info  - 6:01:08 PM] (2217397) BG: Indexer background runner(3) root directory: file:///home/davineves/.vscode-server/extensions/ms-python.vscode-pylance-2025.4.1/dist (index)
2025-10-30 18:01:08.677 [info] [Info  - 6:01:08 PM] (2217397) BG: Indexing(3) started
2025-10-30 18:01:09.379 [info] [Info  - 6:01:09 PM] (2217397) BG: scanned(3) 73 files over 1 exec env
2025-10-30 18:01:09.692 [info] [Info  - 6:01:09 PM] (2217397) BG: indexed(3) 73 files over 1 exec env
2025-10-30 18:01:09.765 [info] [Info  - 6:01:09 PM] (2217397) BG: Indexing finished(3).
2025-10-30 18:01:17.349 [info] (Client) The existing extension didn't exit within 10 seconds. New instance will start, but you might encounter issues.
2025-10-30 18:01:17.350 [info] (Client) Pylance async client (2025.4.1) started with python extension (2025.16.0)
