2025-10-30 18:00:59.214 [info] Starting Python Locator /home/davineves/.vscode-server/extensions/ms-python.python-2025.16.0-linux-x64/python-env-tools/bin/pet server
2025-10-30 18:00:59.215 [info] Discovered env: /home/davineves/.venv/bin/python
2025-10-30 18:00:59.215 [info] Discovered env: /home/davineves/venv/bin/python
2025-10-30 18:00:59.215 [info] Discovered env: /home/linuxbrew/.linuxbrew/bin/python3
2025-10-30 18:00:59.215 [info] Discovered env: /usr/bin/python
2025-10-30 18:00:59.215 [info] Discovered env: /home/linuxbrew/.linuxbrew/bin/python3.13
2025-10-30 18:00:59.215 [info] Discovered env: /bin/python
2025-10-30 18:00:59.215 [info] Resolved /home/linuxbrew/.linuxbrew/bin/python3.13
2025-10-30 18:00:59.215 [info] Resolved /home/linuxbrew/.linuxbrew/bin/python3
2025-10-30 18:00:59.215 [info] Locator Conda took 156.823283ms
2025-10-30 18:00:59.215 [info] Locator Homebrew took 160.84675ms
2025-10-30 18:00:59.215 [info] Locator LinuxGlobal took 169.684726ms
2025-10-30 18:00:59.215 [info] Locator PipEnv took 803.199µs
2025-10-30 18:00:59.215 [info] Locator Pixi took 200.03µs
2025-10-30 18:00:59.215 [info] Locator Poetry took 3.713612ms
2025-10-30 18:00:59.215 [info] Locator PyEnv took 263.262µs
2025-10-30 18:00:59.215 [info] Locator Venv took 509.334µs
2025-10-30 18:00:59.216 [info] Locator VirtualEnv took 728.969µs
2025-10-30 18:00:59.220 [info] Locator VirtualEnvWrapper took 162.204µs
2025-10-30 18:00:59.220 [info] Locator GlobalVirtualEnvs took 1.085645ms
2025-10-30 18:00:59.220 [info] Locator Locators took 176.281283ms
2025-10-30 18:00:59.225 [info] Locator Path took 242.408694ms
2025-10-30 18:00:59.225 [info] Locator Workspaces took 135.34233ms
2025-10-30 18:00:59.225 [info] Refresh completed in 244ms
2025-10-30 18:01:04.067 [info] Resolved Python Environment /home/davineves/.venv/bin/python
2025-10-30 18:03:00.128 [info] Resolved Python Environment /home/davineves/.venv/bin/python
2025-10-30 18:08:39.041 [info] Resolved Python Environment /home/davineves/.venv/bin/python
2025-10-30 18:11:11.415 [info] Resolved Python Environment /home/davineves/.venv/bin/python
2025-10-30 18:13:33.316 [info] Resolved Python Environment /home/davineves/.venv/bin/python
2025-10-30 18:14:58.351 [info] Resolved Python Environment /home/davineves/.venv/bin/python
2025-10-30 18:24:10.722 [info] Resolved Python Environment /home/davineves/.venv/bin/python
