2025-10-30 14:51:30.171 [info] Starting Python Locator /home/davineves/.vscode-server/extensions/ms-python.python-2025.16.0-linux-x64/python-env-tools/bin/pet server
2025-10-30 14:51:30.171 [info] Discovered env: /home/davineves/.venv/bin/python
2025-10-30 14:51:30.171 [info] Discovered env: /home/davineves/venv/bin/python
2025-10-30 14:51:30.171 [info] Discovered env: /home/linuxbrew/.linuxbrew/bin/python3.13
2025-10-30 14:51:30.171 [info] Discovered env: /usr/bin/python
2025-10-30 14:51:30.171 [info] Discovered env: /home/linuxbrew/.linuxbrew/bin/python3
2025-10-30 14:51:30.171 [info] Discovered env: /bin/python
2025-10-30 14:51:30.171 [info] Resolved /home/linuxbrew/.linuxbrew/bin/python3.13
2025-10-30 14:51:30.171 [info] Resolved /home/linuxbrew/.linuxbrew/bin/python3
2025-10-30 14:51:30.171 [info] Locator Conda took 73.43568ms
2025-10-30 14:51:30.171 [info] Locator Homebrew took 107.268968ms
2025-10-30 14:51:30.171 [info] Locator LinuxGlobal took 104.923213ms
2025-10-30 14:51:30.171 [info] Locator PipEnv took 3.002908ms
2025-10-30 14:51:30.171 [info] Locator Pixi took 202.359µs
2025-10-30 14:51:30.171 [info] Locator Poetry took 4.451612ms
2025-10-30 14:51:30.171 [info] Locator PyEnv took 8.387614ms
2025-10-30 14:51:30.171 [info] Locator Venv took 7.929893ms
2025-10-30 14:51:30.171 [info] Locator VirtualEnv took 706.007µs
2025-10-30 14:51:30.171 [info] Locator VirtualEnvWrapper took 3.220658ms
2025-10-30 14:51:30.171 [info] Locator GlobalVirtualEnvs took 9.58636ms
2025-10-30 14:51:30.171 [info] Locator Locators took 114.712258ms
2025-10-30 14:51:30.171 [info] Locator Path took 154.131197ms
2025-10-30 14:51:30.171 [info] Locator Workspaces took 77.797659ms
2025-10-30 14:51:30.171 [info] Refresh completed in 163ms
2025-10-30 14:51:36.153 [info] Resolved Python Environment /home/davineves/.venv/bin/python
2025-10-30 14:52:10.414 [info] Resolved Python Environment /home/davineves/.venv/bin/python
2025-10-30 14:52:45.448 [info] Resolved Python Environment /home/davineves/.venv/bin/python
2025-10-30 14:53:46.625 [info] Resolved Python Environment /home/davineves/.venv/bin/python
