2025-10-31 15:19:14.315 [info] Starting Python Locator /home/davineves/.vscode-server/extensions/ms-python.python-2025.16.0-linux-x64/python-env-tools/bin/pet server
2025-10-31 15:19:14.326 [info] Discovered env: /usr/bin/python
2025-10-31 15:19:14.328 [info] Discovered env: /home/linuxbrew/.linuxbrew/bin/python3.13
2025-10-31 15:19:14.329 [info] Discovered env: /bin/python
2025-10-31 15:19:14.329 [info] Discovered env: /home/linuxbrew/.linuxbrew/bin/python3
2025-10-31 15:19:14.338 [info] Locator Conda took 114.547462ms
2025-10-31 15:19:14.338 [info] Locator Homebrew took 133.476501ms
2025-10-31 15:19:14.338 [info] Locator LinuxGlobal took 123.851357ms
2025-10-31 15:19:14.338 [info] Locator PipEnv took 1.701583ms
2025-10-31 15:19:14.338 [info] Locator Pixi took 137.02µs
2025-10-31 15:19:14.338 [info] Locator Poetry took 5.549864ms
2025-10-31 15:19:14.338 [info] Locator PyEnv took 227.854µs
2025-10-31 15:19:14.338 [info] Locator Venv took 2.576695ms
2025-10-31 15:19:14.338 [info] Locator VirtualEnv took 2.052082ms
2025-10-31 15:19:14.338 [info] Locator VirtualEnvWrapper took 113.986µs
2025-10-31 15:19:14.338 [info] Locator GlobalVirtualEnvs took 2.93724ms
2025-10-31 15:19:14.339 [info] Locator Locators took 139.874646ms
2025-10-31 15:19:14.339 [info] Locator Path took 194.998194ms
2025-10-31 15:19:14.339 [info] Locator Workspaces took 129.671µs
2025-10-31 15:19:14.340 [info] Refresh completed in 199ms
2025-10-31 15:19:14.356 [info] Resolved /home/linuxbrew/.linuxbrew/bin/python3.13
2025-10-31 15:19:14.356 [info] Resolved /home/linuxbrew/.linuxbrew/bin/python3
2025-10-31 15:19:18.717 [info] Resolved Python Environment /home/davineves/.venv/bin/python
