2025-10-30 12:40:39.402 [info] [main] Log level: Info
2025-10-30 12:40:39.402 [info] [main] Validating found git in: "git"
2025-10-30 12:40:39.402 [info] [main] Using git "2.39.5" from "git"
2025-10-30 12:40:39.402 [info] [Model][doInitialScan] Initial repository scan started
2025-10-30 12:40:39.402 [info] > git rev-parse --show-toplevel [44ms]
2025-10-30 12:40:39.402 [info] fatal: not a git repository (or any of the parent directories): .git
2025-10-30 12:40:39.402 [info] > git rev-parse --show-toplevel [3ms]
2025-10-30 12:40:39.402 [info] fatal: not a git repository (or any of the parent directories): .git
2025-10-30 12:40:39.402 [info] > git rev-parse --show-toplevel [3ms]
2025-10-30 12:40:39.402 [info] fatal: not a git repository (or any of the parent directories): .git
2025-10-30 12:40:39.402 [info] > git rev-parse --show-toplevel [3ms]
2025-10-30 12:40:39.402 [info] fatal: not a git repository (or any of the parent directories): .git
2025-10-30 12:40:39.402 [info] > git rev-parse --show-toplevel [3ms]
2025-10-30 12:40:39.402 [info] fatal: not a git repository (or any of the parent directories): .git
2025-10-30 12:40:39.402 [info] > git rev-parse --show-toplevel [3ms]
2025-10-30 12:40:39.402 [info] fatal: not a git repository (or any of the parent directories): .git
2025-10-30 12:40:39.403 [info] [Model][doInitialScan] Initial repository scan completed - repositories (0), closed repositories (0), parent repositories (0), unsafe repositories (0)
2025-10-30 12:40:39.564 [info] > git rev-parse --show-toplevel [3ms]
2025-10-30 12:40:39.564 [info] fatal: not a git repository (or any of the parent directories): .git
2025-10-30 12:40:43.576 [info] > git rev-parse --show-toplevel [3ms]
2025-10-30 12:40:43.576 [info] fatal: not a git repository (or any of the parent directories): .git
2025-10-30 12:41:05.394 [info] > git rev-parse --show-toplevel [5ms]
2025-10-30 12:41:05.394 [info] fatal: not a git repository (or any of the parent directories): .git
2025-10-30 12:41:12.270 [info] > git rev-parse --show-toplevel [2ms]
2025-10-30 12:41:12.271 [info] fatal: not a git repository (or any of the parent directories): .git
2025-10-30 12:41:22.829 [info] > git rev-parse --show-toplevel [2ms]
2025-10-30 12:41:22.829 [info] fatal: not a git repository (or any of the parent directories): .git
2025-10-30 12:41:27.513 [info] > git rev-parse --show-toplevel [8ms]
2025-10-30 12:41:27.514 [info] fatal: not a git repository (or any of the parent directories): .git
2025-10-30 12:41:27.818 [info] > git rev-parse --show-toplevel [3ms]
2025-10-30 12:41:27.819 [info] fatal: not a git repository (or any of the parent directories): .git
2025-10-30 12:41:30.972 [warning] [Model][getRepositoryExact] Failed to get repository realpath for: "/home/davineves/.vscode-server/extensions/.ea298be9-8393-4493-af2e-6411fe8f6709/bundled/libs/debugpy/_vendored/pydevd/_pydevd_frame_eval/". Error:Error: ENOENT: no such file or directory, realpath '/home/davineves/.vscode-server/extensions/.ea298be9-8393-4493-af2e-6411fe8f6709/bundled/libs/debugpy/_vendored/pydevd/_pydevd_frame_eval/'
2025-10-30 12:41:32.095 [warning] [Model][getRepositoryExact] Failed to get repository realpath for: "/home/davineves/.vscode-server/extensions/.ea298be9-8393-4493-af2e-6411fe8f6709/bundled/libs/debugpy/_vendored/pydevd/pydevd_attach_to_process/linux_and_mac/". Error:Error: ENOENT: no such file or directory, realpath '/home/davineves/.vscode-server/extensions/.ea298be9-8393-4493-af2e-6411fe8f6709/bundled/libs/debugpy/_vendored/pydevd/pydevd_attach_to_process/linux_and_mac/'
2025-10-30 12:41:40.493 [info] > git rev-parse --show-toplevel [18ms]
2025-10-30 12:41:40.493 [info] fatal: not a git repository (or any of the parent directories): .git
2025-10-30 12:41:40.510 [info] > git rev-parse --show-toplevel [3ms]
2025-10-30 12:41:40.510 [info] fatal: not a git repository (or any of the parent directories): .git
2025-10-30 12:51:26.852 [info] > git rev-parse --show-toplevel [6ms]
2025-10-30 12:51:26.852 [info] fatal: not a git repository (or any of the parent directories): .git
2025-10-30 12:53:07.059 [info] > git rev-parse --show-toplevel [5ms]
2025-10-30 12:53:07.059 [info] fatal: not a git repository (or any of the parent directories): .git
