2025-10-30 16:46:53.042 [info] [main] Log level: Info
2025-10-30 16:46:53.042 [info] [main] Validating found git in: "git"
2025-10-30 16:46:53.042 [info] [main] Using git "2.39.5" from "git"
2025-10-30 16:46:53.042 [info] [Model][doInitialScan] Initial repository scan started
2025-10-30 16:46:53.042 [info] > git rev-parse --show-toplevel [8ms]
2025-10-30 16:46:53.042 [info] fatal: not a git repository (or any of the parent directories): .git
2025-10-30 16:46:53.043 [info] > git rev-parse --show-toplevel [4ms]
2025-10-30 16:46:53.043 [info] fatal: not a git repository (or any of the parent directories): .git
2025-10-30 16:46:53.055 [info] > git rev-parse --show-toplevel [6ms]
2025-10-30 16:46:53.055 [info] fatal: not a git repository (or any of the parent directories): .git
2025-10-30 16:46:53.088 [info] > git rev-parse --show-toplevel [29ms]
2025-10-30 16:46:53.088 [info] fatal: not a git repository (or any of the parent directories): .git
2025-10-30 16:46:53.096 [info] > git rev-parse --show-toplevel [1ms]
2025-10-30 16:46:53.097 [info] fatal: not a git repository (or any of the parent directories): .git
2025-10-30 16:46:53.102 [info] > git rev-parse --show-toplevel [2ms]
2025-10-30 16:46:53.102 [info] fatal: not a git repository (or any of the parent directories): .git
2025-10-30 16:46:53.113 [info] > git rev-parse --show-toplevel [5ms]
2025-10-30 16:46:53.113 [info] fatal: not a git repository (or any of the parent directories): .git
2025-10-30 16:46:53.119 [info] > git rev-parse --show-toplevel [2ms]
2025-10-30 16:46:53.119 [info] fatal: not a git repository (or any of the parent directories): .git
2025-10-30 16:46:53.131 [info] > git rev-parse --show-toplevel [8ms]
2025-10-30 16:46:53.131 [info] fatal: not a git repository (or any of the parent directories): .git
2025-10-30 16:46:53.138 [info] > git rev-parse --show-toplevel [3ms]
2025-10-30 16:46:53.138 [info] fatal: not a git repository (or any of the parent directories): .git
2025-10-30 16:46:53.146 [info] > git rev-parse --show-toplevel [3ms]
2025-10-30 16:46:53.146 [info] fatal: not a git repository (or any of the parent directories): .git
2025-10-30 16:46:53.158 [info] > git rev-parse --show-toplevel [4ms]
2025-10-30 16:46:53.158 [info] fatal: not a git repository (or any of the parent directories): .git
2025-10-30 16:46:53.161 [info] [Model][doInitialScan] Initial repository scan completed - repositories (0), closed repositories (0), parent repositories (0), unsafe repositories (0)
2025-10-30 16:46:55.630 [info] > git rev-parse --show-toplevel [5ms]
2025-10-30 16:46:55.630 [info] fatal: not a git repository (or any of the parent directories): .git
2025-10-30 16:46:58.549 [info] > git rev-parse --show-toplevel [14ms]
2025-10-30 16:46:58.549 [info] fatal: not a git repository (or any of the parent directories): .git
