2025-10-31 15:40:36.550 [info] [main] Log level: Info
2025-10-31 15:40:36.550 [info] [main] Validating found git in: "git"
2025-10-31 15:40:36.550 [info] [main] Using git "2.39.5" from "git"
2025-10-31 15:40:36.550 [info] [Model][doInitialScan] Initial repository scan started
2025-10-31 15:40:36.550 [info] > git rev-parse --show-toplevel [5ms]
2025-10-31 15:40:36.550 [info] fatal: not a git repository (or any of the parent directories): .git
2025-10-31 15:40:36.550 [info] > git rev-parse --show-toplevel [11ms]
2025-10-31 15:40:36.550 [info] fatal: not a git repository (or any of the parent directories): .git
2025-10-31 15:40:36.550 [info] > git rev-parse --show-toplevel [8ms]
2025-10-31 15:40:36.550 [info] fatal: not a git repository (or any of the parent directories): .git
2025-10-31 15:40:36.550 [info] > git rev-parse --show-toplevel [3ms]
2025-10-31 15:40:36.550 [info] fatal: not a git repository (or any of the parent directories): .git
2025-10-31 15:40:36.550 [info] > git rev-parse --show-toplevel [5ms]
2025-10-31 15:40:36.550 [info] fatal: not a git repository (or any of the parent directories): .git
2025-10-31 15:40:36.550 [info] > git rev-parse --show-toplevel [3ms]
2025-10-31 15:40:36.550 [info] fatal: not a git repository (or any of the parent directories): .git
2025-10-31 15:40:36.550 [info] > git rev-parse --show-toplevel [3ms]
2025-10-31 15:40:36.550 [info] fatal: not a git repository (or any of the parent directories): .git
2025-10-31 15:40:36.550 [info] > git rev-parse --show-toplevel [5ms]
2025-10-31 15:40:36.550 [info] fatal: not a git repository (or any of the parent directories): .git
2025-10-31 15:40:36.550 [info] > git rev-parse --show-toplevel [4ms]
2025-10-31 15:40:36.550 [info] fatal: not a git repository (or any of the parent directories): .git
2025-10-31 15:40:36.550 [info] > git rev-parse --show-toplevel [8ms]
2025-10-31 15:40:36.550 [info] fatal: not a git repository (or any of the parent directories): .git
2025-10-31 15:40:36.550 [info] > git rev-parse --show-toplevel [3ms]
2025-10-31 15:40:36.550 [info] fatal: not a git repository (or any of the parent directories): .git
2025-10-31 15:40:36.550 [info] > git rev-parse --show-toplevel [7ms]
2025-10-31 15:40:36.550 [info] fatal: not a git repository (or any of the parent directories): .git
2025-10-31 15:40:36.550 [info] > git rev-parse --show-toplevel [3ms]
2025-10-31 15:40:36.550 [info] > git rev-parse --git-dir --git-common-dir [54ms]
2025-10-31 15:40:36.550 [info] [Model][openRepository] Opened repository: /home/davineves/playlist-argocd
2025-10-31 15:40:36.550 [info] > git rev-parse --show-toplevel [13ms]
2025-10-31 15:40:36.550 [info] fatal: not a git repository (or any of the parent directories): .git
2025-10-31 15:40:36.550 [info] > git config --get commit.template [20ms]
2025-10-31 15:40:36.550 [info] > git for-each-ref --format=%(refname)%00%(upstream:short)%00%(objectname)%00%(upstream:track)%00%(upstream:remotename)%00%(upstream:remoteref) refs/heads/main refs/remotes/main [20ms]
2025-10-31 15:40:36.550 [info] > git rev-parse --show-toplevel [29ms]
2025-10-31 15:40:36.550 [info] fatal: not a git repository (or any of the parent directories): .git
2025-10-31 15:40:36.550 [info] [Model][doInitialScan] Initial repository scan completed - repositories (1), closed repositories (0), parent repositories (0), unsafe repositories (0)
2025-10-31 15:40:36.551 [info] > git rev-parse --show-toplevel [3ms]
2025-10-31 15:40:36.551 [info] fatal: not a git repository (or any of the parent directories): .git
2025-10-31 15:40:36.581 [info] > git status -z -uall [19ms]
2025-10-31 15:40:36.581 [info] > git for-each-ref --sort -committerdate --format %(refname) %(objectname) %(*objectname) [9ms]
2025-10-31 15:40:36.621 [info] > git for-each-ref --format=%(refname)%00%(upstream:short)%00%(objectname)%00%(upstream:track)%00%(upstream:remotename)%00%(upstream:remoteref) refs/heads/main refs/remotes/main [14ms]
2025-10-31 15:40:36.630 [info] > git config --get commit.template [10ms]
2025-10-31 15:40:36.637 [info] > git config --get --local branch.main.vscode-merge-base [8ms]
2025-10-31 15:40:36.637 [warning] [Git][config] git config failed: Failed to execute git
2025-10-31 15:40:36.645 [info] > git for-each-ref --format=%(refname)%00%(upstream:short)%00%(objectname)%00%(upstream:track)%00%(upstream:remotename)%00%(upstream:remoteref) refs/heads/main refs/remotes/main [9ms]
2025-10-31 15:40:36.667 [info] > git status -z -uall [11ms]
2025-10-31 15:40:36.667 [info] > git reflog main --grep-reflog=branch: Created from *. [24ms]
2025-10-31 15:40:36.675 [info] > git for-each-ref --sort -committerdate --format %(refname) %(objectname) %(*objectname) [9ms]
2025-10-31 15:40:36.696 [info] > git for-each-ref --format=%(refname)%00%(upstream:short)%00%(objectname)%00%(upstream:track)%00%(upstream:remotename)%00%(upstream:remoteref) refs/heads/main refs/remotes/main [8ms]
2025-10-31 15:40:36.705 [info] > git symbolic-ref --short refs/remotes/origin/HEAD [32ms]
2025-10-31 15:40:36.706 [info] fatal: ref refs/remotes/origin/HEAD is not a symbolic ref
2025-10-31 15:40:36.706 [warning] [Repository][getDefaultBranch] Failed to get default branch details: Failed to execute git.
2025-10-31 15:40:36.719 [info] > git config --get --local branch.main.vscode-merge-base [13ms]
2025-10-31 15:40:36.719 [warning] [Git][config] git config failed: Failed to execute git
2025-10-31 15:40:36.728 [info] > git merge-base refs/heads/main refs/remotes/origin/main [14ms]
2025-10-31 15:40:36.738 [info] > git reflog main --grep-reflog=branch: Created from *. [11ms]
2025-10-31 15:40:36.747 [info] > git diff --name-status -z --diff-filter=ADMR 29a95e50d14bef8c7c07c023f508f379b02842da...refs/remotes/origin/main [10ms]
2025-10-31 15:40:36.750 [info] > git symbolic-ref --short refs/remotes/origin/HEAD [5ms]
2025-10-31 15:40:36.750 [info] fatal: ref refs/remotes/origin/HEAD is not a symbolic ref
2025-10-31 15:40:36.750 [warning] [Repository][getDefaultBranch] Failed to get default branch details: Failed to execute git.
2025-10-31 15:40:37.112 [info] > git check-ignore -v -z --stdin [79ms]
2025-10-31 15:40:40.275 [info] > git rev-parse --show-toplevel [11ms]
2025-10-31 15:40:40.275 [info] fatal: not a git repository (or any of the parent directories): .git
2025-10-31 15:40:45.940 [info] > git rev-parse --show-toplevel [59ms]
2025-10-31 15:40:45.940 [info] fatal: not a git repository (or any of the parent directories): .git
2025-10-31 15:40:45.974 [info] > git rev-parse --show-toplevel [6ms]
2025-10-31 15:40:45.974 [info] fatal: not a git repository (or any of the parent directories): .git
2025-10-31 15:40:45.994 [info] > git rev-parse --show-toplevel [1ms]
2025-10-31 15:40:45.994 [info] fatal: not a git repository (or any of the parent directories): .git
2025-10-31 15:40:46.024 [info] > git rev-parse --show-toplevel [15ms]
2025-10-31 15:40:46.025 [info] fatal: not a git repository (or any of the parent directories): .git
2025-10-31 15:40:46.038 [info] > git rev-parse --show-toplevel [2ms]
2025-10-31 15:40:46.038 [info] fatal: not a git repository (or any of the parent directories): .git
2025-10-31 15:40:46.048 [info] > git rev-parse --show-toplevel [1ms]
2025-10-31 15:40:46.048 [info] fatal: not a git repository (or any of the parent directories): .git
2025-10-31 15:40:46.056 [info] > git rev-parse --show-toplevel [2ms]
2025-10-31 15:40:46.056 [info] fatal: not a git repository (or any of the parent directories): .git
2025-10-31 15:40:46.064 [info] > git rev-parse --show-toplevel [1ms]
2025-10-31 15:40:46.064 [info] fatal: not a git repository (or any of the parent directories): .git
2025-10-31 15:40:46.072 [info] > git rev-parse --show-toplevel [2ms]
2025-10-31 15:40:46.072 [info] fatal: not a git repository (or any of the parent directories): .git
2025-10-31 15:40:46.080 [info] > git rev-parse --show-toplevel [2ms]
2025-10-31 15:40:46.080 [info] fatal: not a git repository (or any of the parent directories): .git
2025-10-31 15:40:46.089 [info] > git rev-parse --show-toplevel [0ms]
2025-10-31 15:40:46.089 [info] fatal: not a git repository (or any of the parent directories): .git
2025-10-31 15:40:46.098 [info] > git rev-parse --show-toplevel [1ms]
2025-10-31 15:40:46.098 [info] fatal: not a git repository (or any of the parent directories): .git
2025-10-31 15:40:46.105 [info] > git rev-parse --show-toplevel [1ms]
2025-10-31 15:40:46.105 [info] fatal: not a git repository (or any of the parent directories): .git
2025-10-31 15:40:46.120 [info] > git rev-parse --show-toplevel [1ms]
2025-10-31 15:40:46.120 [info] fatal: not a git repository (or any of the parent directories): .git
2025-10-31 15:40:46.153 [info] > git rev-parse --show-toplevel [2ms]
2025-10-31 15:40:46.153 [info] fatal: not a git repository (or any of the parent directories): .git
2025-10-31 15:40:46.187 [info] > git rev-parse --show-toplevel [19ms]
2025-10-31 15:40:46.187 [info] fatal: not a git repository (or any of the parent directories): .git
2025-10-31 15:40:46.219 [info] > git rev-parse --show-toplevel [15ms]
2025-10-31 15:40:46.220 [info] fatal: not a git repository (or any of the parent directories): .git
2025-10-31 15:40:46.250 [info] > git rev-parse --show-toplevel [10ms]
2025-10-31 15:40:46.250 [info] fatal: not a git repository (or any of the parent directories): .git
2025-10-31 15:40:46.272 [info] > git rev-parse --show-toplevel [3ms]
2025-10-31 15:40:46.273 [info] fatal: not a git repository (or any of the parent directories): .git
2025-10-31 15:40:46.294 [info] > git rev-parse --show-toplevel [3ms]
2025-10-31 15:40:46.295 [info] fatal: not a git repository (or any of the parent directories): .git
2025-10-31 15:40:46.316 [info] > git rev-parse --show-toplevel [3ms]
2025-10-31 15:40:46.316 [info] fatal: not a git repository (or any of the parent directories): .git
2025-10-31 15:40:46.339 [info] > git rev-parse --show-toplevel [2ms]
2025-10-31 15:40:46.340 [info] fatal: not a git repository (or any of the parent directories): .git
2025-10-31 15:40:46.375 [info] > git rev-parse --show-toplevel [15ms]
2025-10-31 15:40:46.375 [info] fatal: not a git repository (or any of the parent directories): .git
2025-10-31 15:40:46.412 [info] > git rev-parse --show-toplevel [17ms]
2025-10-31 15:40:46.413 [info] fatal: not a git repository (or any of the parent directories): .git
2025-10-31 15:40:46.432 [info] > git rev-parse --show-toplevel [2ms]
2025-10-31 15:40:46.432 [info] fatal: not a git repository (or any of the parent directories): .git
2025-10-31 15:40:46.453 [info] > git rev-parse --show-toplevel [2ms]
2025-10-31 15:40:46.453 [info] fatal: not a git repository (or any of the parent directories): .git
2025-10-31 15:40:46.481 [info] > git rev-parse --show-toplevel [8ms]
2025-10-31 15:40:46.482 [info] fatal: not a git repository (or any of the parent directories): .git
2025-10-31 15:40:46.504 [info] > git rev-parse --show-toplevel [3ms]
2025-10-31 15:40:46.505 [info] fatal: not a git repository (or any of the parent directories): .git
2025-10-31 15:40:46.527 [info] > git rev-parse --show-toplevel [2ms]
2025-10-31 15:40:46.527 [info] fatal: not a git repository (or any of the parent directories): .git
2025-10-31 15:40:46.547 [info] > git rev-parse --show-toplevel [3ms]
2025-10-31 15:40:46.547 [info] fatal: not a git repository (or any of the parent directories): .git
2025-10-31 15:40:46.567 [info] > git rev-parse --show-toplevel [2ms]
2025-10-31 15:40:46.568 [info] fatal: not a git repository (or any of the parent directories): .git
2025-10-31 15:40:46.591 [info] > git rev-parse --show-toplevel [3ms]
2025-10-31 15:40:46.592 [info] fatal: not a git repository (or any of the parent directories): .git
2025-10-31 15:40:46.617 [info] > git rev-parse --show-toplevel [3ms]
2025-10-31 15:40:46.618 [info] fatal: not a git repository (or any of the parent directories): .git
2025-10-31 15:40:46.645 [info] > git rev-parse --show-toplevel [4ms]
2025-10-31 15:40:46.645 [info] fatal: not a git repository (or any of the parent directories): .git
2025-10-31 15:40:46.668 [info] > git rev-parse --show-toplevel [1ms]
2025-10-31 15:40:46.668 [info] fatal: not a git repository (or any of the parent directories): .git
2025-10-31 15:40:46.685 [info] > git rev-parse --show-toplevel [2ms]
2025-10-31 15:40:46.685 [info] fatal: not a git repository (or any of the parent directories): .git
2025-10-31 15:40:46.704 [info] > git rev-parse --show-toplevel [2ms]
2025-10-31 15:40:46.704 [info] fatal: not a git repository (or any of the parent directories): .git
2025-10-31 15:40:46.802 [info] > git rev-parse --show-toplevel [80ms]
2025-10-31 15:40:46.802 [info] fatal: not a git repository (or any of the parent directories): .git
2025-10-31 15:40:46.822 [info] > git rev-parse --show-toplevel [2ms]
2025-10-31 15:40:46.822 [info] fatal: not a git repository (or any of the parent directories): .git
2025-10-31 15:40:46.848 [info] > git rev-parse --show-toplevel [7ms]
2025-10-31 15:40:46.849 [info] fatal: not a git repository (or any of the parent directories): .git
2025-10-31 15:40:46.868 [info] > git rev-parse --show-toplevel [2ms]
2025-10-31 15:40:46.868 [info] fatal: not a git repository (or any of the parent directories): .git
2025-10-31 15:40:46.892 [info] > git rev-parse --show-toplevel [3ms]
2025-10-31 15:40:46.893 [info] fatal: not a git repository (or any of the parent directories): .git
2025-10-31 15:50:13.938 [info] > git rev-parse --show-toplevel [6ms]
2025-10-31 15:50:13.938 [info] fatal: not a git repository (or any of the parent directories): .git
2025-10-31 15:52:16.966 [info] > git rev-parse --show-toplevel [2ms]
2025-10-31 15:52:16.966 [info] fatal: not a git repository (or any of the parent directories): .git
2025-10-31 15:52:17.769 [info] > git rev-parse --show-toplevel [5ms]
2025-10-31 15:52:17.770 [info] fatal: not a git repository (or any of the parent directories): .git
2025-10-31 15:52:19.071 [info] > git rev-parse --show-toplevel [2ms]
2025-10-31 15:52:19.071 [info] fatal: not a git repository (or any of the parent directories): .git
2025-10-31 15:52:19.469 [info] > git rev-parse --show-toplevel [2ms]
2025-10-31 15:52:19.469 [info] fatal: not a git repository (or any of the parent directories): .git
2025-10-31 15:52:33.551 [info] > git rev-parse --show-toplevel [3ms]
2025-10-31 15:52:33.551 [info] fatal: not a git repository (or any of the parent directories): .git
2025-10-31 15:52:33.561 [info] > git rev-parse --show-toplevel [3ms]
2025-10-31 15:52:33.561 [info] fatal: not a git repository (or any of the parent directories): .git
2025-10-31 15:52:33.568 [info] > git rev-parse --show-toplevel [2ms]
2025-10-31 15:52:33.568 [info] fatal: not a git repository (or any of the parent directories): .git
2025-10-31 15:52:33.578 [info] > git rev-parse --show-toplevel [2ms]
2025-10-31 15:52:33.578 [info] fatal: not a git repository (or any of the parent directories): .git
2025-10-31 15:54:03.330 [info] > git check-ignore -v -z --stdin [4ms]
2025-10-31 15:55:26.251 [info] > git rev-parse --show-toplevel [2ms]
2025-10-31 15:55:26.251 [info] fatal: not a git repository (or any of the parent directories): .git
2025-10-31 15:55:26.268 [info] > git rev-parse --show-toplevel [5ms]
2025-10-31 15:55:26.268 [info] fatal: not a git repository (or any of the parent directories): .git
2025-10-31 15:55:26.281 [info] > git rev-parse --show-toplevel [2ms]
2025-10-31 15:55:26.281 [info] fatal: not a git repository (or any of the parent directories): .git
2025-10-31 15:57:09.040 [info] > git rev-parse --show-toplevel [3ms]
2025-10-31 15:57:09.040 [info] fatal: not a git repository (or any of the parent directories): .git
2025-10-31 15:57:09.052 [info] > git rev-parse --show-toplevel [3ms]
2025-10-31 15:57:09.053 [info] fatal: not a git repository (or any of the parent directories): .git
2025-10-31 15:57:09.065 [info] > git rev-parse --show-toplevel [3ms]
2025-10-31 15:57:09.065 [info] fatal: not a git repository (or any of the parent directories): .git
2025-10-31 16:00:28.234 [info] > git rev-parse --show-toplevel [5ms]
2025-10-31 16:00:28.234 [info] fatal: not a git repository (or any of the parent directories): .git
2025-10-31 16:00:28.930 [info] > git rev-parse --show-toplevel [3ms]
2025-10-31 16:00:28.930 [info] fatal: not a git repository (or any of the parent directories): .git
2025-10-31 16:00:29.329 [info] > git rev-parse --show-toplevel [3ms]
2025-10-31 16:00:29.329 [info] fatal: not a git repository (or any of the parent directories): .git
2025-10-31 16:00:29.988 [info] > git rev-parse --show-toplevel [3ms]
2025-10-31 16:00:29.988 [info] fatal: not a git repository (or any of the parent directories): .git
2025-10-31 16:00:31.535 [info] > git rev-parse --show-toplevel [3ms]
2025-10-31 16:00:31.535 [info] fatal: not a git repository (or any of the parent directories): .git
2025-10-31 16:00:32.191 [info] > git rev-parse --show-toplevel [5ms]
2025-10-31 16:00:32.191 [info] fatal: not a git repository (or any of the parent directories): .git
2025-10-31 16:00:32.579 [info] > git rev-parse --show-toplevel [3ms]
2025-10-31 16:00:32.579 [info] fatal: not a git repository (or any of the parent directories): .git
2025-10-31 16:00:33.028 [info] > git rev-parse --show-toplevel [2ms]
2025-10-31 16:00:33.028 [info] fatal: not a git repository (or any of the parent directories): .git
2025-10-31 16:00:33.523 [info] > git rev-parse --show-toplevel [1ms]
2025-10-31 16:00:33.523 [info] fatal: not a git repository (or any of the parent directories): .git
2025-10-31 16:00:35.084 [info] > git rev-parse --show-toplevel [3ms]
2025-10-31 16:00:35.084 [info] fatal: not a git repository (or any of the parent directories): .git
2025-10-31 16:00:35.096 [info] > git rev-parse --show-toplevel [2ms]
2025-10-31 16:00:35.097 [info] fatal: not a git repository (or any of the parent directories): .git
2025-10-31 16:00:35.110 [info] > git rev-parse --show-toplevel [2ms]
2025-10-31 16:00:35.110 [info] fatal: not a git repository (or any of the parent directories): .git
2025-10-31 16:00:35.124 [info] > git rev-parse --show-toplevel [3ms]
2025-10-31 16:00:35.124 [info] fatal: not a git repository (or any of the parent directories): .git
2025-10-31 16:00:35.138 [info] > git rev-parse --show-toplevel [3ms]
2025-10-31 16:00:35.138 [info] fatal: not a git repository (or any of the parent directories): .git
2025-10-31 16:00:35.153 [info] > git rev-parse --show-toplevel [3ms]
2025-10-31 16:00:35.153 [info] fatal: not a git repository (or any of the parent directories): .git
2025-10-31 16:00:35.167 [info] > git rev-parse --show-toplevel [3ms]
2025-10-31 16:00:35.167 [info] fatal: not a git repository (or any of the parent directories): .git
2025-10-31 16:00:35.182 [info] > git rev-parse --show-toplevel [3ms]
2025-10-31 16:00:35.182 [info] fatal: not a git repository (or any of the parent directories): .git
2025-10-31 16:00:35.196 [info] > git rev-parse --show-toplevel [2ms]
2025-10-31 16:00:35.196 [info] fatal: not a git repository (or any of the parent directories): .git
2025-10-31 16:01:33.577 [info] > git show --textconv :pvc.yaml [22ms]
2025-10-31 16:01:33.578 [info] > git ls-files --stage -- pvc.yaml [8ms]
2025-10-31 16:01:33.595 [info] > git cat-file -s e2f907cf77d3a6459e628beec91c902a6e5ff0db [3ms]
2025-10-31 16:01:36.683 [info] > git rev-parse --show-toplevel [2ms]
2025-10-31 16:01:36.683 [info] fatal: not a git repository (or any of the parent directories): .git
2025-10-31 16:01:47.154 [info] > git show --textconv :pvc.yaml [14ms]
2025-10-31 16:01:47.156 [info] > git ls-files --stage -- pvc.yaml [3ms]
2025-10-31 16:01:47.172 [info] > git cat-file -s e2f907cf77d3a6459e628beec91c902a6e5ff0db [3ms]
2025-10-31 16:01:51.479 [info] > git rev-parse --show-toplevel [3ms]
2025-10-31 16:01:51.479 [info] fatal: not a git repository (or any of the parent directories): .git
2025-10-31 16:02:01.139 [info] > git show --textconv :pvc.yaml [14ms]
2025-10-31 16:02:01.142 [info] > git ls-files --stage -- pvc.yaml [3ms]
2025-10-31 16:02:01.154 [info] > git cat-file -s e2f907cf77d3a6459e628beec91c902a6e5ff0db [2ms]
2025-10-31 16:02:02.499 [info] > git rev-parse --show-toplevel [2ms]
2025-10-31 16:02:02.499 [info] fatal: not a git repository (or any of the parent directories): .git
2025-10-31 16:02:03.767 [info] > git show --textconv :pvc.yaml [12ms]
2025-10-31 16:02:03.767 [info] > git ls-files --stage -- pvc.yaml [2ms]
2025-10-31 16:02:03.778 [info] > git cat-file -s e2f907cf77d3a6459e628beec91c902a6e5ff0db [2ms]
2025-10-31 16:02:04.323 [info] > git blame --root --incremental 29a95e50d14bef8c7c07c023f508f379b02842da -- pvc.yaml [4ms]
2025-10-31 16:02:08.680 [info] > git config --get commit.template [2ms]
2025-10-31 16:02:08.700 [info] > git for-each-ref --format=%(refname)%00%(upstream:short)%00%(objectname)%00%(upstream:track)%00%(upstream:remotename)%00%(upstream:remoteref) refs/heads/main refs/remotes/main [3ms]
2025-10-31 16:02:08.725 [info] > git status -z -uall [12ms]
2025-10-31 16:02:08.727 [info] > git for-each-ref --sort -committerdate --format %(refname) %(objectname) %(*objectname) [4ms]
2025-10-31 16:02:24.159 [info] > git rev-parse --show-toplevel [4ms]
2025-10-31 16:02:24.159 [info] fatal: not a git repository (or any of the parent directories): .git
2025-10-31 16:03:21.846 [info] > git rev-parse --show-toplevel [2ms]
2025-10-31 16:03:21.846 [info] fatal: not a git repository (or any of the parent directories): .git
2025-10-31 16:06:36.304 [info] > git rev-parse --show-toplevel [17ms]
2025-10-31 16:06:36.304 [info] fatal: not a git repository (or any of the parent directories): .git
2025-10-31 16:06:37.186 [info] > git rev-parse --show-toplevel [9ms]
2025-10-31 16:06:37.186 [info] fatal: not a git repository (or any of the parent directories): .git
2025-10-31 16:06:38.651 [info] > git rev-parse --show-toplevel [3ms]
2025-10-31 16:06:38.651 [info] fatal: not a git repository (or any of the parent directories): .git
2025-10-31 16:06:39.325 [info] > git rev-parse --show-toplevel [4ms]
2025-10-31 16:06:39.325 [info] fatal: not a git repository (or any of the parent directories): .git
2025-10-31 16:06:40.676 [info] > git rev-parse --show-toplevel [8ms]
2025-10-31 16:06:40.676 [info] fatal: not a git repository (or any of the parent directories): .git
2025-10-31 16:06:46.364 [info] > git rev-parse --show-toplevel [2ms]
2025-10-31 16:06:46.364 [info] fatal: not a git repository (or any of the parent directories): .git
2025-10-31 16:06:47.564 [info] > git rev-parse --show-toplevel [4ms]
2025-10-31 16:06:47.564 [info] fatal: not a git repository (or any of the parent directories): .git
2025-10-31 16:06:48.187 [info] > git rev-parse --show-toplevel [3ms]
2025-10-31 16:06:48.187 [info] fatal: not a git repository (or any of the parent directories): .git
2025-10-31 16:06:48.219 [info] > git rev-parse --show-toplevel [14ms]
2025-10-31 16:06:48.219 [info] fatal: not a git repository (or any of the parent directories): .git
2025-10-31 16:06:48.239 [info] > git rev-parse --show-toplevel [3ms]
2025-10-31 16:06:48.239 [info] fatal: not a git repository (or any of the parent directories): .git
2025-10-31 16:06:48.258 [info] > git rev-parse --show-toplevel [3ms]
2025-10-31 16:06:48.258 [info] fatal: not a git repository (or any of the parent directories): .git
2025-10-31 16:06:48.279 [info] > git rev-parse --show-toplevel [2ms]
2025-10-31 16:06:48.279 [info] fatal: not a git repository (or any of the parent directories): .git
2025-10-31 16:06:48.300 [info] > git rev-parse --show-toplevel [2ms]
2025-10-31 16:06:48.300 [info] fatal: not a git repository (or any of the parent directories): .git
2025-10-31 16:06:48.321 [info] > git rev-parse --show-toplevel [3ms]
2025-10-31 16:06:48.322 [info] fatal: not a git repository (or any of the parent directories): .git
2025-10-31 16:08:39.904 [info] > git rev-parse --show-toplevel [3ms]
2025-10-31 16:08:39.905 [info] fatal: not a git repository (or any of the parent directories): .git
2025-10-31 16:08:39.926 [info] > git rev-parse --show-toplevel [3ms]
2025-10-31 16:08:39.926 [info] fatal: not a git repository (or any of the parent directories): .git
2025-10-31 16:08:39.951 [info] > git rev-parse --show-toplevel [5ms]
2025-10-31 16:08:39.951 [info] fatal: not a git repository (or any of the parent directories): .git
2025-10-31 16:08:39.971 [info] > git rev-parse --show-toplevel [2ms]
2025-10-31 16:08:39.971 [info] fatal: not a git repository (or any of the parent directories): .git
2025-10-31 16:08:39.991 [info] > git rev-parse --show-toplevel [2ms]
2025-10-31 16:08:39.992 [info] fatal: not a git repository (or any of the parent directories): .git
2025-10-31 16:08:40.012 [info] > git rev-parse --show-toplevel [3ms]
2025-10-31 16:08:40.012 [info] fatal: not a git repository (or any of the parent directories): .git
2025-10-31 16:08:40.032 [info] > git rev-parse --show-toplevel [3ms]
2025-10-31 16:08:40.032 [info] fatal: not a git repository (or any of the parent directories): .git
2025-10-31 16:08:40.053 [info] > git rev-parse --show-toplevel [2ms]
2025-10-31 16:08:40.053 [info] fatal: not a git repository (or any of the parent directories): .git
2025-10-31 16:08:40.074 [info] > git rev-parse --show-toplevel [2ms]
2025-10-31 16:08:40.074 [info] fatal: not a git repository (or any of the parent directories): .git
2025-10-31 16:08:55.237 [info] > git rev-parse --show-toplevel [7ms]
2025-10-31 16:08:55.237 [info] fatal: not a git repository (or any of the parent directories): .git
2025-10-31 16:09:15.495 [info] > git rev-parse --show-toplevel [2ms]
2025-10-31 16:09:15.495 [info] fatal: not a git repository (or any of the parent directories): .git
2025-10-31 16:13:00.383 [info] > git rev-parse --show-toplevel [3ms]
2025-10-31 16:13:00.383 [info] fatal: not a git repository (or any of the parent directories): .git
2025-10-31 16:13:00.402 [info] > git rev-parse --show-toplevel [2ms]
2025-10-31 16:13:00.402 [info] fatal: not a git repository (or any of the parent directories): .git
2025-10-31 16:13:00.417 [info] > git rev-parse --show-toplevel [3ms]
2025-10-31 16:13:00.417 [info] fatal: not a git repository (or any of the parent directories): .git
2025-10-31 16:13:00.433 [info] > git rev-parse --show-toplevel [2ms]
2025-10-31 16:13:00.433 [info] fatal: not a git repository (or any of the parent directories): .git
2025-10-31 16:13:00.449 [info] > git rev-parse --show-toplevel [2ms]
2025-10-31 16:13:00.449 [info] fatal: not a git repository (or any of the parent directories): .git
2025-10-31 16:13:00.462 [info] > git rev-parse --show-toplevel [2ms]
2025-10-31 16:13:00.462 [info] fatal: not a git repository (or any of the parent directories): .git
2025-10-31 16:13:00.473 [info] > git rev-parse --show-toplevel [2ms]
2025-10-31 16:13:00.473 [info] fatal: not a git repository (or any of the parent directories): .git
2025-10-31 16:13:52.825 [info] > git show --textconv :ml-job.yaml [22ms]
2025-10-31 16:13:52.828 [info] > git ls-files --stage -- ml-job.yaml [5ms]
2025-10-31 16:13:52.849 [info] > git cat-file -s 6353ab5cfe9c988cad927d3f3103e74cf2d93f0e [3ms]
2025-10-31 16:14:03.834 [info] > git rev-parse --show-toplevel [3ms]
2025-10-31 16:14:03.834 [info] fatal: not a git repository (or any of the parent directories): .git
2025-10-31 16:14:51.232 [info] > git rev-parse --show-toplevel [3ms]
2025-10-31 16:14:51.232 [info] fatal: not a git repository (or any of the parent directories): .git
2025-10-31 16:14:55.384 [info] > git rev-parse --show-toplevel [2ms]
2025-10-31 16:14:55.385 [info] fatal: not a git repository (or any of the parent directories): .git
2025-10-31 16:14:58.935 [info] > git rev-parse --show-toplevel [2ms]
2025-10-31 16:14:58.935 [info] fatal: not a git repository (or any of the parent directories): .git
2025-10-31 16:14:58.957 [info] > git rev-parse --show-toplevel [3ms]
2025-10-31 16:14:58.957 [info] fatal: not a git repository (or any of the parent directories): .git
2025-10-31 16:15:09.673 [info] > git rev-parse --show-toplevel [9ms]
2025-10-31 16:15:09.673 [info] fatal: not a git repository (or any of the parent directories): .git
2025-10-31 16:15:19.932 [info] > git rev-parse --show-toplevel [3ms]
2025-10-31 16:15:19.932 [info] fatal: not a git repository (or any of the parent directories): .git
2025-10-31 16:15:23.509 [info] > git rev-parse --show-toplevel [3ms]
2025-10-31 16:15:23.509 [info] fatal: not a git repository (or any of the parent directories): .git
2025-10-31 16:15:34.601 [info] > git rev-parse --show-toplevel [2ms]
2025-10-31 16:15:34.601 [info] fatal: not a git repository (or any of the parent directories): .git
2025-10-31 16:15:41.470 [info] > git rev-parse --show-toplevel [3ms]
2025-10-31 16:15:41.470 [info] fatal: not a git repository (or any of the parent directories): .git
2025-10-31 16:15:58.322 [info] > git show --textconv :ml-job.yaml [19ms]
2025-10-31 16:15:58.324 [info] > git ls-files --stage -- ml-job.yaml [4ms]
2025-10-31 16:15:58.343 [info] > git cat-file -s 6353ab5cfe9c988cad927d3f3103e74cf2d93f0e [3ms]
2025-10-31 16:15:59.927 [info] > git blame --root --incremental 29a95e50d14bef8c7c07c023f508f379b02842da -- ml-job.yaml [3ms]
2025-10-31 16:16:05.873 [info] > git config --get commit.template [22ms]
2025-10-31 16:16:05.874 [info] > git for-each-ref --format=%(refname)%00%(upstream:short)%00%(objectname)%00%(upstream:track)%00%(upstream:remotename)%00%(upstream:remoteref) refs/heads/main refs/remotes/main [4ms]
2025-10-31 16:16:05.912 [info] > git status -z -uall [19ms]
2025-10-31 16:16:05.915 [info] > git for-each-ref --sort -committerdate --format %(refname) %(objectname) %(*objectname) [4ms]
2025-10-31 16:16:17.792 [info] > git rev-parse --show-toplevel [3ms]
2025-10-31 16:16:17.792 [info] fatal: not a git repository (or any of the parent directories): .git
2025-10-31 16:16:30.826 [info] > git rev-parse --show-toplevel [7ms]
2025-10-31 16:16:30.827 [info] fatal: not a git repository (or any of the parent directories): .git
2025-10-31 16:22:38.909 [warning] [Git][getHEAD] Failed to parse HEAD file: ENOENT: no such file or directory, open '/home/davineves/playlist-argocd/.git/HEAD'
2025-10-31 16:22:38.955 [warning] [Git][getRemotes] Error: ENOENT: no such file or directory, open '/home/davineves/playlist-argocd/.git/config'
2025-10-31 16:22:39.005 [warning] [Git][getHEAD] Failed to parse HEAD file: ENOENT: no such file or directory, open '/home/davineves/playlist-argocd/.git/HEAD'
2025-10-31 16:22:39.048 [warning] [Git][getRemotes] Error: ENOENT: no such file or directory, open '/home/davineves/playlist-argocd/.git/config'
2025-10-31 16:23:05.953 [info] > git rev-parse --show-toplevel [4ms]
2025-10-31 16:23:05.953 [info] fatal: not a git repository (or any of the parent directories): .git
2025-10-31 16:25:21.294 [info] > git rev-parse --show-toplevel [3ms]
2025-10-31 16:25:21.295 [info] fatal: not a git repository (or any of the parent directories): .git
2025-10-31 16:26:20.393 [info] > git rev-parse --show-toplevel [5ms]
2025-10-31 16:26:20.393 [info] fatal: not a git repository (or any of the parent directories): .git
2025-10-31 16:29:21.879 [info] > git rev-parse --show-toplevel [3ms]
2025-10-31 16:29:21.879 [info] fatal: not a git repository (or any of the parent directories): .git
2025-10-31 16:29:36.194 [info] > git rev-parse --show-toplevel [3ms]
2025-10-31 16:29:36.194 [info] fatal: not a git repository (or any of the parent directories): .git
2025-10-31 16:29:49.113 [info] > git rev-parse --show-toplevel [2ms]
2025-10-31 16:29:49.114 [info] fatal: not a git repository (or any of the parent directories): .git
2025-10-31 16:31:21.933 [info] > git rev-parse --show-toplevel [9ms]
2025-10-31 16:31:21.933 [info] fatal: not a git repository (or any of the parent directories): .git
2025-10-31 16:33:41.660 [info] > git rev-parse --show-toplevel [4ms]
2025-10-31 16:33:41.660 [info] fatal: not a git repository (or any of the parent directories): .git
2025-10-31 16:33:47.305 [info] > git rev-parse --show-toplevel [9ms]
2025-10-31 16:33:47.305 [info] fatal: not a git repository (or any of the parent directories): .git
2025-10-31 16:36:45.770 [info] > git rev-parse --show-toplevel [4ms]
2025-10-31 16:36:45.770 [info] fatal: not a git repository (or any of the parent directories): .git
2025-10-31 16:37:13.314 [info] > git rev-parse --show-toplevel [2ms]
2025-10-31 16:37:13.314 [info] fatal: not a git repository (or any of the parent directories): .git
2025-10-31 16:40:04.507 [info] > git rev-parse --show-toplevel [10ms]
2025-10-31 16:40:04.508 [info] fatal: not a git repository (or any of the parent directories): .git
2025-10-31 16:40:07.892 [info] > git rev-parse --show-toplevel [3ms]
2025-10-31 16:40:07.892 [info] fatal: not a git repository (or any of the parent directories): .git
2025-10-31 16:40:09.269 [info] > git rev-parse --show-toplevel [6ms]
2025-10-31 16:40:09.269 [info] fatal: not a git repository (or any of the parent directories): .git
2025-10-31 16:40:12.291 [info] > git rev-parse --show-toplevel [7ms]
2025-10-31 16:40:12.291 [info] fatal: not a git repository (or any of the parent directories): .git
2025-10-31 16:40:16.184 [info] > git rev-parse --show-toplevel [3ms]
2025-10-31 16:40:16.184 [info] fatal: not a git repository (or any of the parent directories): .git
2025-10-31 16:40:17.933 [info] > git rev-parse --show-toplevel [2ms]
2025-10-31 16:40:17.933 [info] fatal: not a git repository (or any of the parent directories): .git
2025-10-31 16:40:18.778 [info] > git rev-parse --show-toplevel [68ms]
2025-10-31 16:40:18.778 [info] fatal: not a git repository (or any of the parent directories): .git
2025-10-31 16:40:19.245 [info] > git rev-parse --show-toplevel [3ms]
2025-10-31 16:40:19.245 [info] fatal: not a git repository (or any of the parent directories): .git
2025-10-31 16:40:19.893 [info] > git rev-parse --show-toplevel [3ms]
2025-10-31 16:40:19.893 [info] fatal: not a git repository (or any of the parent directories): .git
2025-10-31 16:40:21.736 [info] > git rev-parse --show-toplevel [2ms]
2025-10-31 16:40:21.736 [info] fatal: not a git repository (or any of the parent directories): .git
2025-10-31 16:40:21.756 [info] > git rev-parse --show-toplevel [2ms]
2025-10-31 16:40:21.756 [info] fatal: not a git repository (or any of the parent directories): .git
2025-10-31 16:40:21.779 [info] > git rev-parse --show-toplevel [2ms]
2025-10-31 16:40:21.779 [info] fatal: not a git repository (or any of the parent directories): .git
2025-10-31 16:40:21.798 [info] > git rev-parse --show-toplevel [3ms]
2025-10-31 16:40:21.798 [info] fatal: not a git repository (or any of the parent directories): .git
2025-10-31 16:40:21.818 [info] > git rev-parse --show-toplevel [3ms]
2025-10-31 16:40:21.818 [info] fatal: not a git repository (or any of the parent directories): .git
2025-10-31 16:40:21.844 [info] > git rev-parse --show-toplevel [3ms]
2025-10-31 16:40:21.844 [info] fatal: not a git repository (or any of the parent directories): .git
2025-10-31 16:40:21.873 [info] > git rev-parse --show-toplevel [5ms]
2025-10-31 16:40:21.873 [info] fatal: not a git repository (or any of the parent directories): .git
2025-10-31 16:40:21.901 [info] > git rev-parse --show-toplevel [3ms]
2025-10-31 16:40:21.901 [info] fatal: not a git repository (or any of the parent directories): .git
2025-10-31 16:40:21.929 [info] > git rev-parse --show-toplevel [3ms]
2025-10-31 16:40:21.929 [info] fatal: not a git repository (or any of the parent directories): .git
2025-10-31 16:41:28.937 [info] > git rev-parse --show-toplevel [5ms]
2025-10-31 16:41:28.937 [info] fatal: not a git repository (or any of the parent directories): .git
2025-10-31 16:42:18.952 [info] > git rev-parse --show-toplevel [7ms]
2025-10-31 16:42:18.952 [info] fatal: not a git repository (or any of the parent directories): .git
2025-10-31 16:42:27.493 [info] > git rev-parse --show-toplevel [3ms]
2025-10-31 16:42:27.493 [info] fatal: not a git repository (or any of the parent directories): .git
2025-10-31 16:42:43.429 [info] > git rev-parse --show-toplevel [2ms]
2025-10-31 16:42:43.429 [info] fatal: not a git repository (or any of the parent directories): .git
2025-10-31 17:16:06.988 [info] > git rev-parse --show-toplevel [7ms]
2025-10-31 17:16:06.988 [info] fatal: not a git repository (or any of the parent directories): .git
2025-10-31 17:30:43.875 [info] > git rev-parse --show-toplevel [5ms]
2025-10-31 17:30:43.875 [info] fatal: not a git repository (or any of the parent directories): .git
2025-10-31 17:30:54.868 [info] > git rev-parse --show-toplevel [2ms]
2025-10-31 17:30:54.868 [info] fatal: not a git repository (or any of the parent directories): .git
2025-10-31 17:31:40.150 [info] > git rev-parse --show-toplevel [3ms]
2025-10-31 17:31:40.150 [info] fatal: not a git repository (or any of the parent directories): .git
2025-10-31 17:33:02.079 [info] > git rev-parse --show-toplevel [2ms]
2025-10-31 17:33:02.079 [info] fatal: not a git repository (or any of the parent directories): .git
2025-10-31 17:33:02.094 [info] > git rev-parse --show-toplevel [2ms]
2025-10-31 17:33:02.094 [info] fatal: not a git repository (or any of the parent directories): .git
2025-10-31 17:33:02.105 [info] > git rev-parse --show-toplevel [2ms]
2025-10-31 17:33:02.105 [info] fatal: not a git repository (or any of the parent directories): .git
2025-10-31 17:33:02.123 [info] > git rev-parse --show-toplevel [7ms]
2025-10-31 17:33:02.123 [info] fatal: not a git repository (or any of the parent directories): .git
2025-10-31 17:33:02.137 [info] > git rev-parse --show-toplevel [3ms]
2025-10-31 17:33:02.137 [info] fatal: not a git repository (or any of the parent directories): .git
2025-10-31 17:33:02.156 [info] > git rev-parse --show-toplevel [2ms]
2025-10-31 17:33:02.156 [info] fatal: not a git repository (or any of the parent directories): .git
2025-10-31 17:33:02.171 [info] > git rev-parse --show-toplevel [2ms]
2025-10-31 17:33:02.171 [info] fatal: not a git repository (or any of the parent directories): .git
2025-10-31 17:33:02.186 [info] > git rev-parse --show-toplevel [3ms]
2025-10-31 17:33:02.186 [info] fatal: not a git repository (or any of the parent directories): .git
2025-10-31 17:33:08.335 [info] > git rev-parse --show-toplevel [3ms]
2025-10-31 17:33:08.335 [info] fatal: not a git repository (or any of the parent directories): .git
2025-10-31 17:33:08.353 [info] > git rev-parse --show-toplevel [2ms]
2025-10-31 17:33:08.353 [info] fatal: not a git repository (or any of the parent directories): .git
2025-10-31 17:33:08.367 [info] > git rev-parse --show-toplevel [2ms]
2025-10-31 17:33:08.367 [info] fatal: not a git repository (or any of the parent directories): .git
2025-10-31 17:33:08.383 [info] > git rev-parse --show-toplevel [3ms]
2025-10-31 17:33:08.383 [info] fatal: not a git repository (or any of the parent directories): .git
2025-10-31 17:33:08.399 [info] > git rev-parse --show-toplevel [2ms]
2025-10-31 17:33:08.399 [info] fatal: not a git repository (or any of the parent directories): .git
2025-10-31 17:33:08.422 [info] > git rev-parse --show-toplevel [4ms]
2025-10-31 17:33:08.422 [info] fatal: not a git repository (or any of the parent directories): .git
2025-10-31 17:33:08.445 [info] > git rev-parse --show-toplevel [3ms]
2025-10-31 17:33:08.445 [info] fatal: not a git repository (or any of the parent directories): .git
2025-10-31 17:33:08.463 [info] > git rev-parse --show-toplevel [2ms]
2025-10-31 17:33:08.463 [info] fatal: not a git repository (or any of the parent directories): .git
2025-10-31 17:33:08.481 [info] > git rev-parse --show-toplevel [3ms]
2025-10-31 17:33:08.481 [info] fatal: not a git repository (or any of the parent directories): .git
2025-10-31 17:33:45.738 [info] > git rev-parse --show-toplevel [3ms]
2025-10-31 17:33:45.738 [info] fatal: not a git repository (or any of the parent directories): .git
2025-10-31 17:33:45.759 [info] > git rev-parse --show-toplevel [2ms]
2025-10-31 17:33:45.759 [info] fatal: not a git repository (or any of the parent directories): .git
2025-10-31 17:33:45.773 [info] > git rev-parse --show-toplevel [2ms]
2025-10-31 17:33:45.773 [info] fatal: not a git repository (or any of the parent directories): .git
2025-10-31 17:33:45.789 [info] > git rev-parse --show-toplevel [2ms]
2025-10-31 17:33:45.789 [info] fatal: not a git repository (or any of the parent directories): .git
2025-10-31 17:33:45.805 [info] > git rev-parse --show-toplevel [2ms]
2025-10-31 17:33:45.805 [info] fatal: not a git repository (or any of the parent directories): .git
2025-10-31 17:33:45.826 [info] > git rev-parse --show-toplevel [2ms]
2025-10-31 17:33:45.827 [info] fatal: not a git repository (or any of the parent directories): .git
2025-10-31 17:33:45.850 [info] > git rev-parse --show-toplevel [3ms]
2025-10-31 17:33:45.850 [info] fatal: not a git repository (or any of the parent directories): .git
2025-10-31 17:33:45.863 [info] > git rev-parse --show-toplevel [2ms]
2025-10-31 17:33:45.863 [info] fatal: not a git repository (or any of the parent directories): .git
2025-10-31 17:33:47.780 [info] > git rev-parse --show-toplevel [11ms]
2025-10-31 17:33:47.780 [info] fatal: not a git repository (or any of the parent directories): .git
2025-10-31 17:33:47.803 [info] > git rev-parse --show-toplevel [6ms]
2025-10-31 17:33:47.803 [info] fatal: not a git repository (or any of the parent directories): .git
2025-10-31 17:33:47.819 [info] > git rev-parse --show-toplevel [3ms]
2025-10-31 17:33:47.819 [info] fatal: not a git repository (or any of the parent directories): .git
2025-10-31 17:33:47.835 [info] > git rev-parse --show-toplevel [2ms]
2025-10-31 17:33:47.835 [info] fatal: not a git repository (or any of the parent directories): .git
2025-10-31 17:33:47.848 [info] > git rev-parse --show-toplevel [2ms]
2025-10-31 17:33:47.848 [info] fatal: not a git repository (or any of the parent directories): .git
2025-10-31 17:33:47.867 [info] > git rev-parse --show-toplevel [4ms]
2025-10-31 17:33:47.867 [info] fatal: not a git repository (or any of the parent directories): .git
2025-10-31 17:33:47.882 [info] > git rev-parse --show-toplevel [2ms]
2025-10-31 17:33:47.882 [info] fatal: not a git repository (or any of the parent directories): .git
2025-10-31 17:33:47.898 [info] > git rev-parse --show-toplevel [3ms]
2025-10-31 17:33:47.898 [info] fatal: not a git repository (or any of the parent directories): .git
2025-10-31 17:33:47.918 [info] > git rev-parse --show-toplevel [5ms]
2025-10-31 17:33:47.918 [info] fatal: not a git repository (or any of the parent directories): .git
2025-10-31 17:33:48.882 [info] > git rev-parse --show-toplevel [3ms]
2025-10-31 17:33:48.882 [info] fatal: not a git repository (or any of the parent directories): .git
2025-10-31 17:33:50.887 [info] > git rev-parse --show-toplevel [7ms]
2025-10-31 17:33:50.887 [info] fatal: not a git repository (or any of the parent directories): .git
2025-10-31 17:33:59.177 [info] > git rev-parse --show-toplevel [10ms]
2025-10-31 17:33:59.177 [info] fatal: not a git repository (or any of the parent directories): .git
2025-10-31 17:34:01.710 [info] > git rev-parse --show-toplevel [7ms]
2025-10-31 17:34:01.710 [info] fatal: not a git repository (or any of the parent directories): .git
2025-10-31 17:34:03.709 [info] > git rev-parse --show-toplevel [3ms]
2025-10-31 17:34:03.709 [info] fatal: not a git repository (or any of the parent directories): .git
2025-10-31 17:34:05.529 [info] > git rev-parse --show-toplevel [18ms]
2025-10-31 17:34:05.529 [info] fatal: not a git repository (or any of the parent directories): .git
2025-10-31 17:34:05.937 [info] > git rev-parse --show-toplevel [3ms]
2025-10-31 17:34:05.937 [info] fatal: not a git repository (or any of the parent directories): .git
2025-10-31 17:34:05.962 [info] > git rev-parse --show-toplevel [3ms]
2025-10-31 17:34:05.962 [info] fatal: not a git repository (or any of the parent directories): .git
2025-10-31 17:34:05.988 [info] > git rev-parse --show-toplevel [9ms]
2025-10-31 17:34:05.988 [info] fatal: not a git repository (or any of the parent directories): .git
2025-10-31 17:34:06.011 [info] > git rev-parse --show-toplevel [4ms]
2025-10-31 17:34:06.011 [info] fatal: not a git repository (or any of the parent directories): .git
2025-10-31 17:34:06.027 [info] > git rev-parse --show-toplevel [2ms]
2025-10-31 17:34:06.027 [info] fatal: not a git repository (or any of the parent directories): .git
2025-10-31 17:34:06.047 [info] > git rev-parse --show-toplevel [2ms]
2025-10-31 17:34:06.047 [info] fatal: not a git repository (or any of the parent directories): .git
2025-10-31 17:37:16.493 [info] > git rev-parse --show-toplevel [5ms]
2025-10-31 17:37:16.493 [info] fatal: not a git repository (or any of the parent directories): .git
2025-10-31 17:37:18.178 [info] > git rev-parse --show-toplevel [3ms]
2025-10-31 17:37:18.178 [info] fatal: not a git repository (or any of the parent directories): .git
2025-10-31 17:37:19.545 [info] > git rev-parse --show-toplevel [4ms]
2025-10-31 17:37:19.545 [info] fatal: not a git repository (or any of the parent directories): .git
2025-10-31 17:37:22.796 [info] > git rev-parse --show-toplevel [5ms]
2025-10-31 17:37:22.796 [info] fatal: not a git repository (or any of the parent directories): .git
2025-10-31 17:37:24.088 [info] > git rev-parse --show-toplevel [3ms]
2025-10-31 17:37:24.088 [info] fatal: not a git repository (or any of the parent directories): .git
2025-10-31 17:37:25.820 [info] > git rev-parse --show-toplevel [1ms]
2025-10-31 17:37:25.820 [info] fatal: not a git repository (or any of the parent directories): .git
2025-10-31 17:37:27.124 [info] > git rev-parse --show-toplevel [3ms]
2025-10-31 17:37:27.124 [info] fatal: not a git repository (or any of the parent directories): .git
2025-10-31 17:37:28.318 [info] > git rev-parse --show-toplevel [8ms]
2025-10-31 17:37:28.318 [info] fatal: not a git repository (or any of the parent directories): .git
2025-10-31 17:37:28.339 [info] > git rev-parse --show-toplevel [2ms]
2025-10-31 17:37:28.339 [info] fatal: not a git repository (or any of the parent directories): .git
2025-10-31 17:37:28.359 [info] > git rev-parse --show-toplevel [3ms]
2025-10-31 17:37:28.359 [info] fatal: not a git repository (or any of the parent directories): .git
2025-10-31 17:37:28.378 [info] > git rev-parse --show-toplevel [2ms]
2025-10-31 17:37:28.379 [info] fatal: not a git repository (or any of the parent directories): .git
2025-10-31 17:37:28.399 [info] > git rev-parse --show-toplevel [2ms]
2025-10-31 17:37:28.399 [info] fatal: not a git repository (or any of the parent directories): .git
2025-10-31 17:37:28.417 [info] > git rev-parse --show-toplevel [3ms]
2025-10-31 17:37:28.417 [info] fatal: not a git repository (or any of the parent directories): .git
2025-10-31 17:37:28.436 [info] > git rev-parse --show-toplevel [3ms]
2025-10-31 17:37:28.436 [info] fatal: not a git repository (or any of the parent directories): .git
2025-10-31 17:38:08.002 [info] > git rev-parse --show-toplevel [53ms]
2025-10-31 17:38:08.002 [info] fatal: not a git repository (or any of the parent directories): .git
2025-10-31 17:38:08.019 [info] > git rev-parse --show-toplevel [2ms]
2025-10-31 17:38:08.019 [info] fatal: not a git repository (or any of the parent directories): .git
2025-10-31 17:38:08.033 [info] > git rev-parse --show-toplevel [2ms]
2025-10-31 17:38:08.033 [info] fatal: not a git repository (or any of the parent directories): .git
2025-10-31 17:38:08.049 [info] > git rev-parse --show-toplevel [2ms]
2025-10-31 17:38:08.049 [info] fatal: not a git repository (or any of the parent directories): .git
2025-10-31 17:38:08.066 [info] > git rev-parse --show-toplevel [2ms]
2025-10-31 17:38:08.066 [info] fatal: not a git repository (or any of the parent directories): .git
2025-10-31 17:38:08.085 [info] > git rev-parse --show-toplevel [2ms]
2025-10-31 17:38:08.085 [info] fatal: not a git repository (or any of the parent directories): .git
2025-10-31 17:39:41.006 [info] > git rev-parse --show-toplevel [3ms]
2025-10-31 17:39:41.006 [info] fatal: not a git repository (or any of the parent directories): .git
2025-10-31 17:39:41.024 [info] > git rev-parse --show-toplevel [2ms]
2025-10-31 17:39:41.024 [info] fatal: not a git repository (or any of the parent directories): .git
2025-10-31 17:39:41.042 [info] > git rev-parse --show-toplevel [2ms]
2025-10-31 17:39:41.042 [info] fatal: not a git repository (or any of the parent directories): .git
2025-10-31 17:39:41.061 [info] > git rev-parse --show-toplevel [2ms]
2025-10-31 17:39:41.061 [info] fatal: not a git repository (or any of the parent directories): .git
2025-10-31 17:39:41.085 [info] > git rev-parse --show-toplevel [2ms]
2025-10-31 17:39:41.085 [info] fatal: not a git repository (or any of the parent directories): .git
2025-10-31 17:39:41.104 [info] > git rev-parse --show-toplevel [1ms]
2025-10-31 17:39:41.104 [info] fatal: not a git repository (or any of the parent directories): .git
2025-10-31 17:41:13.690 [info] > git rev-parse --show-toplevel [6ms]
2025-10-31 17:41:13.690 [info] fatal: not a git repository (or any of the parent directories): .git
2025-10-31 17:41:13.710 [info] > git rev-parse --show-toplevel [3ms]
2025-10-31 17:41:13.710 [info] fatal: not a git repository (or any of the parent directories): .git
2025-10-31 17:41:13.744 [info] > git rev-parse --show-toplevel [17ms]
2025-10-31 17:41:13.744 [info] fatal: not a git repository (or any of the parent directories): .git
2025-10-31 17:41:13.766 [info] > git rev-parse --show-toplevel [2ms]
2025-10-31 17:41:13.766 [info] fatal: not a git repository (or any of the parent directories): .git
2025-10-31 17:41:13.789 [info] > git rev-parse --show-toplevel [7ms]
2025-10-31 17:41:13.789 [info] fatal: not a git repository (or any of the parent directories): .git
2025-10-31 17:41:13.810 [info] > git rev-parse --show-toplevel [4ms]
2025-10-31 17:41:13.810 [info] fatal: not a git repository (or any of the parent directories): .git
2025-10-31 17:41:14.338 [info] > git rev-parse --show-toplevel [6ms]
2025-10-31 17:41:14.338 [info] fatal: not a git repository (or any of the parent directories): .git
2025-10-31 17:41:14.353 [info] > git rev-parse --show-toplevel [1ms]
2025-10-31 17:41:14.353 [info] fatal: not a git repository (or any of the parent directories): .git
2025-10-31 17:41:14.368 [info] > git rev-parse --show-toplevel [1ms]
2025-10-31 17:41:14.368 [info] fatal: not a git repository (or any of the parent directories): .git
2025-10-31 17:41:14.384 [info] > git rev-parse --show-toplevel [2ms]
2025-10-31 17:41:14.384 [info] fatal: not a git repository (or any of the parent directories): .git
2025-10-31 17:41:14.399 [info] > git rev-parse --show-toplevel [1ms]
2025-10-31 17:41:14.399 [info] fatal: not a git repository (or any of the parent directories): .git
2025-10-31 17:41:14.415 [info] > git rev-parse --show-toplevel [1ms]
2025-10-31 17:41:14.415 [info] fatal: not a git repository (or any of the parent directories): .git
2025-10-31 17:41:14.430 [info] > git rev-parse --show-toplevel [1ms]
2025-10-31 17:41:14.430 [info] fatal: not a git repository (or any of the parent directories): .git
2025-10-31 17:41:14.450 [info] > git rev-parse --show-toplevel [2ms]
2025-10-31 17:41:14.450 [info] fatal: not a git repository (or any of the parent directories): .git
2025-10-31 17:41:20.477 [info] > git rev-parse --show-toplevel [2ms]
2025-10-31 17:41:20.477 [info] fatal: not a git repository (or any of the parent directories): .git
2025-10-31 17:41:20.495 [info] > git rev-parse --show-toplevel [2ms]
2025-10-31 17:41:20.495 [info] fatal: not a git repository (or any of the parent directories): .git
2025-10-31 17:41:20.516 [info] > git rev-parse --show-toplevel [2ms]
2025-10-31 17:41:20.516 [info] fatal: not a git repository (or any of the parent directories): .git
2025-10-31 17:41:20.535 [info] > git rev-parse --show-toplevel [2ms]
2025-10-31 17:41:20.535 [info] fatal: not a git repository (or any of the parent directories): .git
2025-10-31 17:41:20.559 [info] > git rev-parse --show-toplevel [2ms]
2025-10-31 17:41:20.559 [info] fatal: not a git repository (or any of the parent directories): .git
2025-10-31 17:41:20.581 [info] > git rev-parse --show-toplevel [5ms]
2025-10-31 17:41:20.581 [info] fatal: not a git repository (or any of the parent directories): .git
2025-10-31 17:41:20.601 [info] > git rev-parse --show-toplevel [2ms]
2025-10-31 17:41:20.601 [info] fatal: not a git repository (or any of the parent directories): .git
2025-10-31 17:41:26.613 [info] > git rev-parse --show-toplevel [3ms]
2025-10-31 17:41:26.613 [info] fatal: not a git repository (or any of the parent directories): .git
2025-10-31 17:41:26.632 [info] > git rev-parse --show-toplevel [2ms]
2025-10-31 17:41:26.632 [info] fatal: not a git repository (or any of the parent directories): .git
2025-10-31 17:41:26.651 [info] > git rev-parse --show-toplevel [2ms]
2025-10-31 17:41:26.651 [info] fatal: not a git repository (or any of the parent directories): .git
2025-10-31 17:41:26.670 [info] > git rev-parse --show-toplevel [3ms]
2025-10-31 17:41:26.670 [info] fatal: not a git repository (or any of the parent directories): .git
2025-10-31 17:41:26.691 [info] > git rev-parse --show-toplevel [3ms]
2025-10-31 17:41:26.691 [info] fatal: not a git repository (or any of the parent directories): .git
2025-10-31 17:44:25.895 [info] > git rev-parse --show-toplevel [23ms]
2025-10-31 17:44:25.895 [info] fatal: not a git repository (or any of the parent directories): .git
2025-10-31 17:44:25.918 [info] > git rev-parse --show-toplevel [2ms]
2025-10-31 17:44:25.918 [info] fatal: not a git repository (or any of the parent directories): .git
2025-10-31 17:44:25.941 [info] > git rev-parse --show-toplevel [2ms]
2025-10-31 17:44:25.941 [info] fatal: not a git repository (or any of the parent directories): .git
2025-10-31 17:44:25.960 [info] > git rev-parse --show-toplevel [2ms]
2025-10-31 17:44:25.960 [info] fatal: not a git repository (or any of the parent directories): .git
2025-10-31 17:44:25.980 [info] > git rev-parse --show-toplevel [2ms]
2025-10-31 17:44:25.980 [info] fatal: not a git repository (or any of the parent directories): .git
2025-10-31 17:46:14.892 [info] > git rev-parse --show-toplevel [2ms]
2025-10-31 17:46:14.892 [info] fatal: not a git repository (or any of the parent directories): .git
2025-10-31 17:46:17.473 [info] > git rev-parse --show-toplevel [7ms]
2025-10-31 17:46:17.473 [info] fatal: not a git repository (or any of the parent directories): .git
2025-10-31 17:46:20.147 [info] > git rev-parse --show-toplevel [12ms]
2025-10-31 17:46:20.147 [info] fatal: not a git repository (or any of the parent directories): .git
2025-10-31 17:46:21.711 [info] > git rev-parse --show-toplevel [7ms]
2025-10-31 17:46:21.711 [info] fatal: not a git repository (or any of the parent directories): .git
2025-10-31 17:46:27.697 [info] > git rev-parse --show-toplevel [3ms]
2025-10-31 17:46:27.697 [info] fatal: not a git repository (or any of the parent directories): .git
2025-10-31 17:46:28.708 [info] > git rev-parse --show-toplevel [2ms]
2025-10-31 17:46:28.708 [info] fatal: not a git repository (or any of the parent directories): .git
2025-10-31 17:46:29.261 [info] > git rev-parse --show-toplevel [1ms]
2025-10-31 17:46:29.261 [info] fatal: not a git repository (or any of the parent directories): .git
2025-10-31 17:46:29.667 [info] > git rev-parse --show-toplevel [2ms]
2025-10-31 17:46:29.668 [info] fatal: not a git repository (or any of the parent directories): .git
2025-10-31 17:46:31.011 [info] > git rev-parse --show-toplevel [11ms]
2025-10-31 17:46:31.011 [info] fatal: not a git repository (or any of the parent directories): .git
2025-10-31 17:46:31.030 [info] > git rev-parse --show-toplevel [2ms]
2025-10-31 17:46:31.030 [info] fatal: not a git repository (or any of the parent directories): .git
2025-10-31 17:46:31.049 [info] > git rev-parse --show-toplevel [2ms]
2025-10-31 17:46:31.049 [info] fatal: not a git repository (or any of the parent directories): .git
2025-10-31 17:46:31.068 [info] > git rev-parse --show-toplevel [2ms]
2025-10-31 17:46:31.068 [info] fatal: not a git repository (or any of the parent directories): .git
2025-10-31 17:46:31.088 [info] > git rev-parse --show-toplevel [3ms]
2025-10-31 17:46:31.088 [info] fatal: not a git repository (or any of the parent directories): .git
2025-10-31 17:46:31.108 [info] > git rev-parse --show-toplevel [3ms]
2025-10-31 17:46:31.108 [info] fatal: not a git repository (or any of the parent directories): .git
2025-10-31 17:46:31.128 [info] > git rev-parse --show-toplevel [2ms]
2025-10-31 17:46:31.128 [info] fatal: not a git repository (or any of the parent directories): .git
2025-10-31 17:46:31.151 [info] > git rev-parse --show-toplevel [5ms]
2025-10-31 17:46:31.151 [info] fatal: not a git repository (or any of the parent directories): .git
2025-10-31 17:52:45.530 [info] > git rev-parse --show-toplevel [5ms]
2025-10-31 17:52:45.530 [info] fatal: not a git repository (or any of the parent directories): .git
2025-10-31 17:52:46.683 [info] > git rev-parse --show-toplevel [3ms]
2025-10-31 17:52:46.683 [info] fatal: not a git repository (or any of the parent directories): .git
2025-10-31 17:52:49.454 [info] > git rev-parse --show-toplevel [2ms]
2025-10-31 17:52:49.454 [info] fatal: not a git repository (or any of the parent directories): .git
2025-10-31 17:52:51.414 [info] > git rev-parse --show-toplevel [2ms]
2025-10-31 17:52:51.414 [info] fatal: not a git repository (or any of the parent directories): .git
2025-10-31 17:52:53.580 [info] > git rev-parse --show-toplevel [3ms]
2025-10-31 17:52:53.580 [info] fatal: not a git repository (or any of the parent directories): .git
2025-10-31 17:52:54.463 [info] > git rev-parse --show-toplevel [3ms]
2025-10-31 17:52:54.463 [info] fatal: not a git repository (or any of the parent directories): .git
2025-10-31 17:52:57.326 [info] > git rev-parse --show-toplevel [3ms]
2025-10-31 17:52:57.326 [info] fatal: not a git repository (or any of the parent directories): .git
2025-10-31 17:52:57.347 [info] > git rev-parse --show-toplevel [2ms]
2025-10-31 17:52:57.348 [info] fatal: not a git repository (or any of the parent directories): .git
2025-10-31 17:52:57.367 [info] > git rev-parse --show-toplevel [3ms]
2025-10-31 17:52:57.367 [info] fatal: not a git repository (or any of the parent directories): .git
2025-10-31 17:52:57.388 [info] > git rev-parse --show-toplevel [2ms]
2025-10-31 17:52:57.388 [info] fatal: not a git repository (or any of the parent directories): .git
2025-10-31 17:52:57.408 [info] > git rev-parse --show-toplevel [2ms]
2025-10-31 17:52:57.408 [info] fatal: not a git repository (or any of the parent directories): .git
2025-10-31 17:52:57.425 [info] > git rev-parse --show-toplevel [3ms]
2025-10-31 17:52:57.425 [info] fatal: not a git repository (or any of the parent directories): .git
