2025-10-31 22:28:50.396 [info] (Client) Pylance async client (2025.4.1) started with python extension (2025.16.0)
2025-10-31 22:28:50.411 [info] [Info  - 10:28:50 PM] (2445329) Server root directory: file:///home/davineves/.vscode-server/extensions/ms-python.vscode-pylance-2025.4.1/dist
2025-10-31 22:28:50.412 [info] [Info  - 10:28:50 PM] (2445329) Pylance language server 2025.4.1 (pyright version 1.1.398, commit 4f24eccc) starting
2025-10-31 22:28:50.417 [info] [Info  - 10:28:50 PM] (2445329) Starting service instance "davineves" for workspace "/home/davineves"
2025-10-31 22:28:50.514 [info] [Info  - 10:28:50 PM] (2445329) Setting environmentName for service "davineves": "3.14.0 (.venv venv)"
2025-10-31 22:28:50.515 [info] [Info  - 10:28:50 PM] (2445329) Setting pythonPath for service "davineves": "/home/davineves/.venv/bin/python"
2025-10-31 22:28:50.516 [info] [Info  - 10:28:50 PM] (2445329) No include entries specified; assuming /home/davineves
2025-10-31 22:28:50.517 [info] [Info  - 10:28:50 PM] (2445329) Auto-excluding **/node_modules
2025-10-31 22:28:50.517 [info] [Info  - 10:28:50 PM] (2445329) Auto-excluding **/__pycache__
2025-10-31 22:28:50.518 [info] [Info  - 10:28:50 PM] (2445329) Auto-excluding **/.*
2025-10-31 22:28:50.611 [info] [Info  - 10:28:50 PM] (2445329) Assuming Python version 3.14.0.final.0
2025-10-31 22:28:50.846 [info] [Info  - 10:28:50 PM] (2445329) Auto-excluding /home/davineves/venv
2025-10-31 22:28:50.846 [info] [Info  - 10:28:50 PM] (2445329) Found 2 source files
2025-10-31 22:28:50.847 [info] [Info  - 10:28:50 PM] (2445329) Setting environmentName for service "davineves": "3.14.0 (.venv venv)"
2025-10-31 22:28:50.848 [info] [Info  - 10:28:50 PM] (2445329) Setting pythonPath for service "davineves": "/home/davineves/.venv/bin/python"
2025-10-31 22:28:50.848 [info] [Info  - 10:28:50 PM] (2445329) No include entries specified; assuming /home/davineves
2025-10-31 22:28:50.848 [info] [Info  - 10:28:50 PM] (2445329) Auto-excluding **/node_modules
2025-10-31 22:28:50.848 [info] [Info  - 10:28:50 PM] (2445329) Auto-excluding **/__pycache__
2025-10-31 22:28:50.848 [info] [Info  - 10:28:50 PM] (2445329) Auto-excluding **/.*
2025-10-31 22:28:51.136 [info] [Info  - 10:28:51 PM] (2445329) Assuming Python version 3.14.0.final.0
2025-10-31 22:28:51.137 [info] [Info  - 10:28:51 PM] (2445329) Auto-excluding /home/davineves/venv
2025-10-31 22:28:51.137 [info] [Info  - 10:28:51 PM] (2445329) Found 2 source files
2025-10-31 22:28:51.434 [info] [Info  - 10:28:51 PM] (2445329) BG: Priority queue background worker(2) root directory: file:///home/davineves/.vscode-server/extensions/ms-python.vscode-pylance-2025.4.1/dist
2025-10-31 22:28:51.434 [info] [Info  - 10:28:51 PM] (2445329) BG: Priority queue background worker(2) started
2025-10-31 22:28:51.754 [info] [Info  - 10:28:51 PM] (2445329) BG: Indexer background runner(3) root directory: file:///home/davineves/.vscode-server/extensions/ms-python.vscode-pylance-2025.4.1/dist (index)
2025-10-31 22:28:51.754 [info] [Info  - 10:28:51 PM] (2445329) BG: Indexing(3) started
2025-10-31 22:28:52.453 [info] [Info  - 10:28:52 PM] (2445329) BG: scanned(3) 73 files over 1 exec env
2025-10-31 22:28:52.634 [info] [Info  - 10:28:52 PM] (2445329) BG: indexed(3) 73 files over 1 exec env
2025-10-31 22:28:52.677 [info] [Info  - 10:28:52 PM] (2445329) BG: Indexing finished(3).
2025-10-31 22:38:28.943 [info] [Info  - 10:38:28 PM] (2445329) virtual workspace: vscode-chat-code-block://2eddf19a-204a-42ad-8c97-8ca7d8cb338b/
2025-10-31 22:38:28.943 [info] [Info  - 10:38:28 PM] (2445329) Starting service instance "<default>" for workspace "vscode-chat-code-block://2eddf19a-204a-42ad-8c97-8ca7d8cb338b/"
2025-10-31 22:38:29.009 [info] [Info  - 10:38:29 PM] (2445329) Setting environmentName for service "<default>": "3.14.0 (.venv venv)"
2025-10-31 22:38:29.009 [info] [Info  - 10:38:29 PM] (2445329) No include entries specified; assuming vscode-chat-code-block://2eddf19a-204a-42ad-8c97-8ca7d8cb338b/
2025-10-31 22:38:29.010 [info] [Info  - 10:38:29 PM] (2445329) Auto-excluding **/node_modules
2025-10-31 22:38:29.010 [info] [Info  - 10:38:29 PM] (2445329) Auto-excluding **/__pycache__
2025-10-31 22:38:29.010 [info] [Info  - 10:38:29 PM] (2445329) Auto-excluding **/.*
2025-10-31 22:38:29.059 [info] [Info  - 10:38:29 PM] (2445329) Assuming Python version 3.11.2.final.0
2025-10-31 22:38:29.187 [info] [Error - 10:38:29 PM] (2445329) File or directory "vscode-chat-code-block://2eddf19a-204a-42ad-8c97-8ca7d8cb338b/" does not exist.
2025-10-31 22:38:29.188 [info] [Info  - 10:38:29 PM] (2445329) No source files found.
2025-10-31 22:39:16.149 [info] [Info  - 10:39:16 PM] (2445329) Auto-excluding /home/davineves/venv
2025-10-31 22:39:16.154 [info] [Info  - 10:39:16 PM] (2445329) Found 3 source files
2025-10-31 22:41:45.692 [info] [Info  - 10:41:45 PM] (2445329) BG: Indexer background runner(4) root directory: file:///home/davineves/.vscode-server/extensions/ms-python.vscode-pylance-2025.4.1/dist (refresh)
2025-10-31 22:41:45.692 [info] [Info  - 10:41:45 PM] (2445329) BG: Indexing(4) started
2025-10-31 22:41:45.697 [info] [Info  - 10:41:45 PM] (2445329) BG: Indexing finished(4).
2025-10-31 22:41:56.141 [info] [Info  - 10:41:56 PM] (2445329) BG: Indexer background runner(5) root directory: file:///home/davineves/.vscode-server/extensions/ms-python.vscode-pylance-2025.4.1/dist (refresh)
2025-10-31 22:41:56.141 [info] [Info  - 10:41:56 PM] (2445329) BG: Indexing(5) started
2025-10-31 22:41:56.676 [info] [Info  - 10:41:56 PM] (2445329) BG: scanned(5) 79 files over 1 exec env
2025-10-31 22:41:57.657 [info] [Info  - 10:41:57 PM] (2445329) BG: indexed(5) 79 files over 1 exec env
2025-10-31 22:41:57.725 [info] [Info  - 10:41:57 PM] (2445329) BG: Indexing finished(5).
2025-10-31 23:05:08.531 [info] [Info  - 11:05:08 PM] (2445329) Auto-excluding /home/davineves/venv
2025-10-31 23:05:08.551 [info] [Info  - 11:05:08 PM] (2445329) Found 2 source files
2025-10-31 23:31:51.194 [info] [Info  - 11:31:51 PM] (2445329) virtual workspace: vscode-chat-code-block://0a4d3ac1-ea43-4a43-93d1-4dabb2725d0b/
2025-10-31 23:31:51.195 [info] [Info  - 11:31:51 PM] (2445329) Starting service instance "<default>" for workspace "vscode-chat-code-block://0a4d3ac1-ea43-4a43-93d1-4dabb2725d0b/"
2025-10-31 23:31:51.246 [info] [Info  - 11:31:51 PM] (2445329) Setting environmentName for service "<default>": "3.14.0 (.venv venv)"
2025-10-31 23:31:51.247 [info] [Info  - 11:31:51 PM] (2445329) No include entries specified; assuming vscode-chat-code-block://0a4d3ac1-ea43-4a43-93d1-4dabb2725d0b/
2025-10-31 23:31:51.250 [info] [Info  - 11:31:51 PM] (2445329) Auto-excluding **/node_modules
2025-10-31 23:31:51.250 [info] [Info  - 11:31:51 PM] (2445329) Auto-excluding **/__pycache__
2025-10-31 23:31:51.253 [info] [Info  - 11:31:51 PM] (2445329) Auto-excluding **/.*
2025-10-31 23:31:51.293 [info] [Info  - 11:31:51 PM] (2445329) Assuming Python version 3.11.2.final.0
2025-10-31 23:31:51.381 [info] [Error - 11:31:51 PM] (2445329) File or directory "vscode-chat-code-block://0a4d3ac1-ea43-4a43-93d1-4dabb2725d0b/" does not exist.
2025-10-31 23:31:51.381 [info] [Info  - 11:31:51 PM] (2445329) No source files found.
2025-10-31 23:33:17.879 [info] [Info  - 11:33:17 PM] (2445329) Auto-excluding /home/davineves/venv
2025-10-31 23:33:17.885 [info] [Info  - 11:33:17 PM] (2445329) Found 3 source files
