2025-10-31 22:28:47.063 [info] Native locator: Refresh started
2025-10-31 22:28:47.133 [info] Native locator: Refresh finished in 500 ms
2025-10-31 22:28:48.294 [info] Skipping ActivatedEnv Detection:  process.env.VSCODE_CLI !== '1'
2025-10-31 22:28:49.259 [info] > pyenv which python
2025-10-31 22:28:49.259 [info] cwd: .
2025-10-31 22:28:49.427 [info] Python interpreter path: ./.venv/bin/python
2025-10-31 22:28:50.433 [info] Starting Pylance language server.
2025-10-31 22:31:49.428 [info] Send text to terminal: source /home/davineves/.venv/bin/activate
2025-10-31 22:39:15.734 [info] Discover tests for workspace name: davineves - uri: /home/davineves/dummy.py
2025-10-31 22:39:19.244 [info] Send text to terminal: source /home/davineves/.venv/bin/activate
2025-10-31 22:39:19.264 [info] CreateEnv Trigger - Skipping for /home/davineves/dummy.py
2025-10-31 22:39:19.746 [info] Send text to terminal: /home/davineves/.venv/bin/python /home/davineves/dummy.py
2025-10-31 22:41:36.511 [info] Discover tests for workspace name: davineves - uri: /home/davineves/.venv/lib/python3.14/site-packages/numpy/f2py/setup.cfg
2025-10-31 22:41:39.338 [info] Discover tests for workspace name: davineves - uri: /home/davineves/.venv/lib/python3.14/site-packages/pandas/pyproject.toml
2025-10-31 22:43:46.666 [info] Discover tests for workspace name: davineves - uri: /home/davineves/train_rules.py
2025-10-31 23:21:30.775 [info] Send text to terminal: source /home/davineves/.venv/bin/activate
2025-10-31 23:32:52.950 [info] Discover tests for workspace name: davineves - uri: /home/davineves/app.py
2025-10-31 23:33:20.404 [info] Discover tests for workspace name: davineves - uri: /home/davineves/client.py
2025-10-31 23:33:25.882 [info] Running installed packages checker:  {
  id: '/home/davineves/.venv/bin/python',
  sysPrefix: '/home/davineves/.venv',
  envType: 'Venv',
  envName: '.venv',
  envPath: '/home/davineves/.venv/bin/python',
  path: '/home/davineves/.venv/bin/python',
  architecture: 3,
  sysVersion: '',
  version: {
    raw: '3.14.0',
    major: 3,
    minor: 14,
    patch: 0,
    build: [],
    prerelease: []
  },
  displayName: 'Python 3.14.0 (.venv)',
  detailedDisplayName: 'Python 3.14.0 (.venv)',
  type: 'Virtual'
} /home/davineves/.vscode-server/extensions/ms-python.python-2025.16.0-linux-x64/python_files/installed_check.py /home/davineves/requirements-api.txt
2025-10-31 23:33:25.882 [info] > ./.venv/bin/python ./.vscode-server/extensions/ms-python.python-2025.16.0-linux-x64/python_files/installed_check.py ./requirements-api.txt
2025-10-31 23:33:27.026 [info] Running installed packages checker:  {
  id: '/home/davineves/.venv/bin/python',
  sysPrefix: '/home/davineves/.venv',
  envType: 'Venv',
  envName: '.venv',
  envPath: '/home/davineves/.venv/bin/python',
  path: '/home/davineves/.venv/bin/python',
  architecture: 3,
  sysVersion: '',
  version: {
    raw: '3.14.0',
    major: 3,
    minor: 14,
    patch: 0,
    build: [],
    prerelease: []
  },
  displayName: 'Python 3.14.0 (.venv)',
  detailedDisplayName: 'Python 3.14.0 (.venv)',
  type: 'Virtual'
} /home/davineves/.vscode-server/extensions/ms-python.python-2025.16.0-linux-x64/python_files/installed_check.py /home/davineves/requirements-api.txt
2025-10-31 23:33:27.026 [info] > ./.venv/bin/python ./.vscode-server/extensions/ms-python.python-2025.16.0-linux-x64/python_files/installed_check.py ./requirements-api.txt
2025-10-31 23:33:34.656 [info] Running installed packages checker:  {
  id: '/home/davineves/.venv/bin/python',
  sysPrefix: '/home/davineves/.venv',
  envType: 'Venv',
  envName: '.venv',
  envPath: '/home/davineves/.venv/bin/python',
  path: '/home/davineves/.venv/bin/python',
  architecture: 3,
  sysVersion: '',
  version: {
    raw: '3.14.0',
    major: 3,
    minor: 14,
    patch: 0,
    build: [],
    prerelease: []
  },
  displayName: 'Python 3.14.0 (.venv)',
  detailedDisplayName: 'Python 3.14.0 (.venv)',
  type: 'Virtual'
} /home/davineves/.vscode-server/extensions/ms-python.python-2025.16.0-linux-x64/python_files/installed_check.py /home/davineves/requirements-api.txt
2025-10-31 23:33:34.656 [info] > ./.venv/bin/python ./.vscode-server/extensions/ms-python.python-2025.16.0-linux-x64/python_files/installed_check.py ./requirements-api.txt
2025-10-31 23:33:40.615 [info] Running installed packages checker:  {
  id: '/home/davineves/.venv/bin/python',
  sysPrefix: '/home/davineves/.venv',
  envType: 'Venv',
  envName: '.venv',
  envPath: '/home/davineves/.venv/bin/python',
  path: '/home/davineves/.venv/bin/python',
  architecture: 3,
  sysVersion: '',
  version: {
    raw: '3.14.0',
    major: 3,
    minor: 14,
    patch: 0,
    build: [],
    prerelease: []
  },
  displayName: 'Python 3.14.0 (.venv)',
  detailedDisplayName: 'Python 3.14.0 (.venv)',
  type: 'Virtual'
} /home/davineves/.vscode-server/extensions/ms-python.python-2025.16.0-linux-x64/python_files/installed_check.py /home/davineves/requirements.txt
2025-10-31 23:33:40.615 [info] > ./.venv/bin/python ./.vscode-server/extensions/ms-python.python-2025.16.0-linux-x64/python_files/installed_check.py ./requirements.txt
2025-10-31 23:33:42.111 [info] Running installed packages checker:  {
  id: '/home/davineves/.venv/bin/python',
  sysPrefix: '/home/davineves/.venv',
  envType: 'Venv',
  envName: '.venv',
  envPath: '/home/davineves/.venv/bin/python',
  path: '/home/davineves/.venv/bin/python',
  architecture: 3,
  sysVersion: '',
  version: {
    raw: '3.14.0',
    major: 3,
    minor: 14,
    patch: 0,
    build: [],
    prerelease: []
  },
  displayName: 'Python 3.14.0 (.venv)',
  detailedDisplayName: 'Python 3.14.0 (.venv)',
  type: 'Virtual'
} /home/davineves/.vscode-server/extensions/ms-python.python-2025.16.0-linux-x64/python_files/installed_check.py /home/davineves/requirements.txt
2025-10-31 23:33:42.111 [info] > ./.venv/bin/python ./.vscode-server/extensions/ms-python.python-2025.16.0-linux-x64/python_files/installed_check.py ./requirements.txt
2025-10-31 23:33:46.311 [info] Running installed packages checker:  {
  id: '/home/davineves/.venv/bin/python',
  sysPrefix: '/home/davineves/.venv',
  envType: 'Venv',
  envName: '.venv',
  envPath: '/home/davineves/.venv/bin/python',
  path: '/home/davineves/.venv/bin/python',
  architecture: 3,
  sysVersion: '',
  version: {
    raw: '3.14.0',
    major: 3,
    minor: 14,
    patch: 0,
    build: [],
    prerelease: []
  },
  displayName: 'Python 3.14.0 (.venv)',
  detailedDisplayName: 'Python 3.14.0 (.venv)',
  type: 'Virtual'
} /home/davineves/.vscode-server/extensions/ms-python.python-2025.16.0-linux-x64/python_files/installed_check.py /home/davineves/requirements.txt
2025-10-31 23:33:46.311 [info] > ./.venv/bin/python ./.vscode-server/extensions/ms-python.python-2025.16.0-linux-x64/python_files/installed_check.py ./requirements.txt
2025-10-31 23:59:06.287 [info] Send text to terminal: source /home/davineves/.venv/bin/activate
