2025-10-30 13:56:21.254 [info] [main] Log level: Info
2025-10-30 13:56:21.254 [info] [main] Validating found git in: "git"
2025-10-30 13:56:21.254 [info] [main] Using git "2.39.5" from "git"
2025-10-30 13:56:21.254 [info] [Model][doInitialScan] Initial repository scan started
2025-10-30 13:56:21.254 [info] > git rev-parse --show-toplevel [3ms]
2025-10-30 13:56:21.254 [info] fatal: not a git repository (or any of the parent directories): .git
2025-10-30 13:56:21.254 [info] > git rev-parse --show-toplevel [2ms]
2025-10-30 13:56:21.254 [info] fatal: not a git repository (or any of the parent directories): .git
2025-10-30 13:56:21.254 [info] > git rev-parse --show-toplevel [3ms]
2025-10-30 13:56:21.254 [info] fatal: not a git repository (or any of the parent directories): .git
2025-10-30 13:56:21.254 [info] > git rev-parse --show-toplevel [3ms]
2025-10-30 13:56:21.254 [info] fatal: not a git repository (or any of the parent directories): .git
2025-10-30 13:56:21.254 [info] > git rev-parse --show-toplevel [12ms]
2025-10-30 13:56:21.254 [info] fatal: not a git repository (or any of the parent directories): .git
2025-10-30 13:56:21.254 [info] > git rev-parse --show-toplevel [2ms]
2025-10-30 13:56:21.254 [info] fatal: not a git repository (or any of the parent directories): .git
2025-10-30 13:56:21.254 [info] > git rev-parse --show-toplevel [2ms]
2025-10-30 13:56:21.254 [info] fatal: not a git repository (or any of the parent directories): .git
2025-10-30 13:56:21.254 [info] > git rev-parse --show-toplevel [2ms]
2025-10-30 13:56:21.254 [info] fatal: not a git repository (or any of the parent directories): .git
2025-10-30 13:56:21.254 [info] > git rev-parse --show-toplevel [2ms]
2025-10-30 13:56:21.254 [info] fatal: not a git repository (or any of the parent directories): .git
2025-10-30 13:56:21.254 [info] > git rev-parse --show-toplevel [5ms]
2025-10-30 13:56:21.254 [info] fatal: not a git repository (or any of the parent directories): .git
2025-10-30 13:56:21.255 [info] > git rev-parse --show-toplevel [3ms]
2025-10-30 13:56:21.255 [info] fatal: not a git repository (or any of the parent directories): .git
2025-10-30 13:56:21.259 [info] > git rev-parse --show-toplevel [2ms]
2025-10-30 13:56:21.259 [info] fatal: not a git repository (or any of the parent directories): .git
2025-10-30 13:56:21.261 [info] [Model][doInitialScan] Initial repository scan completed - repositories (0), closed repositories (0), parent repositories (0), unsafe repositories (0)
2025-10-30 13:56:26.455 [info] > git rev-parse --show-toplevel [48ms]
2025-10-30 13:56:26.455 [info] fatal: not a git repository (or any of the parent directories): .git
2025-10-30 13:56:26.862 [info] > git rev-parse --show-toplevel [394ms]
2025-10-30 13:56:26.862 [info] fatal: not a git repository (or any of the parent directories): .git
2025-10-30 13:56:28.047 [info] > git rev-parse --show-toplevel [5ms]
2025-10-30 13:56:28.047 [info] fatal: not a git repository (or any of the parent directories): .git
2025-10-30 14:12:51.939 [info] > git rev-parse --show-toplevel [3ms]
2025-10-30 14:12:51.939 [info] fatal: not a git repository (or any of the parent directories): .git
2025-10-30 14:12:53.363 [info] > git rev-parse --show-toplevel [2ms]
2025-10-30 14:12:53.364 [info] fatal: not a git repository (or any of the parent directories): .git
2025-10-30 14:16:43.911 [info] > git rev-parse --show-toplevel [3ms]
2025-10-30 14:16:43.911 [info] fatal: not a git repository (or any of the parent directories): .git
2025-10-30 14:17:20.617 [info] > git rev-parse --show-toplevel [1ms]
2025-10-30 14:17:20.617 [info] fatal: not a git repository (or any of the parent directories): .git
2025-10-30 14:17:28.316 [info] > git rev-parse --show-toplevel [6ms]
2025-10-30 14:17:28.317 [info] fatal: not a git repository (or any of the parent directories): .git
2025-10-30 14:17:49.631 [info] > git rev-parse --show-toplevel [3ms]
2025-10-30 14:17:49.631 [info] fatal: not a git repository (or any of the parent directories): .git
2025-10-30 14:18:10.804 [info] > git rev-parse --show-toplevel [5ms]
2025-10-30 14:18:10.805 [info] fatal: not a git repository (or any of the parent directories): .git
