2025-10-30 16:46:53.039 [info] Starting Python Locator /home/davineves/.vscode-server/extensions/ms-python.python-2025.16.0-linux-x64/python-env-tools/bin/pet server
2025-10-30 16:46:53.049 [info] Discovered env: /home/davineves/.venv/bin/python
2025-10-30 16:46:53.068 [info] Discovered env: /home/davineves/venv/bin/python
2025-10-30 16:46:53.103 [info] Discovered env: /bin/python
2025-10-30 16:46:53.108 [info] Discovered env: /home/linuxbrew/.linuxbrew/bin/python3.13
2025-10-30 16:46:53.109 [info] Discovered env: /usr/bin/python
2025-10-30 16:46:53.109 [info] Discovered env: /home/linuxbrew/.linuxbrew/bin/python3
2025-10-30 16:46:53.110 [info] Locator Conda took 113.393329ms
2025-10-30 16:46:53.110 [info] Locator Homebrew took 133.311686ms
2025-10-30 16:46:53.110 [info] Locator LinuxGlobal took 130.110365ms
2025-10-30 16:46:53.110 [info] Locator PipEnv took 165.923µs
2025-10-30 16:46:53.110 [info] Locator Pixi took 49.439µs
2025-10-30 16:46:53.110 [info] Locator Poetry took 350.903µs
2025-10-30 16:46:53.110 [info] Locator PyEnv took 170.598µs
2025-10-30 16:46:53.110 [info] Locator Venv took 6.427071ms
2025-10-30 16:46:53.110 [info] Locator VirtualEnv took 50.435µs
2025-10-30 16:46:53.110 [info] Locator VirtualEnvWrapper took 554.678µs
2025-10-30 16:46:53.110 [info] Locator GlobalVirtualEnvs took 6.133564ms
2025-10-30 16:46:53.111 [info] Locator Locators took 139.254716ms
2025-10-30 16:46:53.111 [info] Locator Path took 188.799645ms
2025-10-30 16:46:53.111 [info] Locator Workspaces took 118.384905ms
2025-10-30 16:46:53.111 [info] Refresh completed in 190ms
2025-10-30 16:46:53.139 [info] Resolved /home/linuxbrew/.linuxbrew/bin/python3.13
2025-10-30 16:46:53.143 [info] Resolved /home/linuxbrew/.linuxbrew/bin/python3
2025-10-30 16:46:55.631 [info] Resolved Python Environment /home/davineves/.venv/bin/python
