2025-10-30 16:46:58.838 [info] [Info  - 4:46:58 PM] (2183132) Server root directory: file:///home/davineves/.vscode-server/extensions/ms-python.vscode-pylance-2025.4.1/dist
2025-10-30 16:46:58.853 [info] [Info  - 4:46:58 PM] (2183132) Pylance language server 2025.4.1 (pyright version 1.1.398, commit 4f24eccc) starting
2025-10-30 16:46:58.865 [info] [Info  - 4:46:58 PM] (2183132) Starting service instance "davineves" for workspace "/home/davineves"
2025-10-30 16:46:58.995 [info] [Info  - 4:46:58 PM] (2183132) Setting environmentName for service "davineves": "3.14.0 (.venv venv)"
2025-10-30 16:46:58.995 [info] [Info  - 4:46:58 PM] (2183132) Setting pythonPath for service "davineves": "/home/davineves/.venv/bin/python"
2025-10-30 16:46:58.997 [info] [Info  - 4:46:58 PM] (2183132) No include entries specified; assuming /home/davineves
2025-10-30 16:46:59.054 [info] [Info  - 4:46:59 PM] (2183132) Auto-excluding **/node_modules
2025-10-30 16:46:59.056 [info] [Info  - 4:46:59 PM] (2183132) Auto-excluding **/__pycache__
2025-10-30 16:46:59.056 [info] [Info  - 4:46:59 PM] (2183132) Auto-excluding **/.*
2025-10-30 16:46:59.087 [info] [Info  - 4:46:59 PM] (2183132) Assuming Python version 3.14.0.final.0
2025-10-30 16:46:59.315 [info] [Info  - 4:46:59 PM] (2183132) Auto-excluding /home/davineves/venv
2025-10-30 16:46:59.319 [info] [Info  - 4:46:59 PM] (2183132) Found 3 source files
2025-10-30 16:46:59.361 [info] [Info  - 4:46:59 PM] (2183132) Setting environmentName for service "davineves": "3.14.0 (.venv venv)"
2025-10-30 16:46:59.361 [info] [Info  - 4:46:59 PM] (2183132) Setting pythonPath for service "davineves": "/home/davineves/.venv/bin/python"
2025-10-30 16:46:59.362 [info] [Info  - 4:46:59 PM] (2183132) No include entries specified; assuming /home/davineves
2025-10-30 16:46:59.362 [info] [Info  - 4:46:59 PM] (2183132) Auto-excluding **/node_modules
2025-10-30 16:46:59.362 [info] [Info  - 4:46:59 PM] (2183132) Auto-excluding **/__pycache__
2025-10-30 16:46:59.363 [info] [Info  - 4:46:59 PM] (2183132) Auto-excluding **/.*
2025-10-30 16:46:59.595 [info] [Info  - 4:46:59 PM] (2183132) Assuming Python version 3.14.0.final.0
2025-10-30 16:46:59.624 [info] [Info  - 4:46:59 PM] (2183132) Auto-excluding /home/davineves/venv
2025-10-30 16:46:59.629 [info] [Info  - 4:46:59 PM] (2183132) Found 3 source files
2025-10-30 16:47:00.019 [info] [Info  - 4:47:00 PM] (2183132) BG: Priority queue background worker(2) root directory: file:///home/davineves/.vscode-server/extensions/ms-python.vscode-pylance-2025.4.1/dist
2025-10-30 16:47:00.019 [info] [Info  - 4:47:00 PM] (2183132) BG: Priority queue background worker(2) started
2025-10-30 16:47:00.358 [info] [Info  - 4:47:00 PM] (2183132) BG: Indexer background runner(3) root directory: file:///home/davineves/.vscode-server/extensions/ms-python.vscode-pylance-2025.4.1/dist (index)
2025-10-30 16:47:00.358 [info] [Info  - 4:47:00 PM] (2183132) BG: Indexing(3) started
2025-10-30 16:47:01.305 [info] [Info  - 4:47:01 PM] (2183132) BG: scanned(3) 28 files over 1 exec env
2025-10-30 16:47:01.440 [info] [Info  - 4:47:01 PM] (2183132) BG: indexed(3) 28 files over 1 exec env
2025-10-30 16:47:01.481 [info] [Info  - 4:47:01 PM] (2183132) BG: Indexing finished(3).
2025-10-30 16:47:08.808 [info] (Client) The existing extension didn't exit within 10 seconds. New instance will start, but you might encounter issues.
2025-10-30 16:47:08.809 [info] (Client) Pylance async client (2025.4.1) started with python extension (2025.16.0)
2025-10-30 16:50:19.358 [info] [Info  - 4:50:19 PM] (2183132) BG: Indexer background runner(4) root directory: file:///home/davineves/.vscode-server/extensions/ms-python.vscode-pylance-2025.4.1/dist (refresh)
2025-10-30 16:50:19.359 [info] [Info  - 4:50:19 PM] (2183132) BG: Indexing(4) started
2025-10-30 16:50:19.978 [info] [Info  - 4:50:19 PM] (2183132) BG: scanned(4) 73 files over 1 exec env
2025-10-30 16:50:21.209 [info] [Info  - 4:50:21 PM] (2183132) BG: indexed(4) 73 files over 1 exec env
2025-10-30 16:50:21.270 [info] [Info  - 4:50:21 PM] (2183132) BG: Indexing finished(4).
2025-10-30 16:53:11.532 [info] [Info  - 4:53:11 PM] (2183132) Auto-excluding /home/davineves/venv
2025-10-30 16:53:11.537 [info] [Info  - 4:53:11 PM] (2183132) Found 3 source files
2025-10-30 16:53:12.040 [info] [Info  - 4:53:12 PM] (2183132) Auto-excluding /home/davineves/venv
2025-10-30 16:53:12.042 [info] [Info  - 4:53:12 PM] (2183132) Found 3 source files
2025-10-30 16:53:12.517 [info] [Info  - 4:53:12 PM] (2183132) Auto-excluding /home/davineves/venv
2025-10-30 16:53:12.519 [info] [Info  - 4:53:12 PM] (2183132) Found 3 source files
