2025-10-31 15:40:36.233 [info] Native locator: Refresh started
2025-10-31 15:40:36.328 [info] Native locator: Refresh finished in 642 ms
2025-10-31 15:40:40.268 [info] Skipping ActivatedEnv Detection:  process.env.VSCODE_CLI !== '1'
2025-10-31 15:40:41.525 [info] > pyenv which python
2025-10-31 15:40:41.525 [info] cwd: .
2025-10-31 15:40:41.602 [info] Python interpreter path: ./.venv/bin/python
2025-10-31 15:40:53.115 [info] Starting Pylance language server.
2025-10-31 16:02:46.588 [info] Discover tests for workspace name: davineves - uri: /home/davineves/app.py
2025-10-31 16:03:07.411 [info] Discover tests for workspace name: davineves - uri: /home/davineves/app.py
2025-10-31 16:03:19.771 [info] Discover tests for workspace name: davineves - uri: /home/davineves/app.py
2025-10-31 16:20:11.170 [info] Send text to terminal: source /home/davineves/.venv/bin/activate
2025-10-31 16:42:33.356 [info] Discover tests for workspace name: davineves - uri: /home/davineves/train_rules.py
2025-10-31 17:15:10.746 [info] Send text to terminal: source /home/davineves/.venv/bin/activate
2025-10-31 17:29:03.659 [info] Send text to terminal: source /home/davineves/.venv/bin/activate
2025-10-31 17:35:18.698 [info] Discover tests for workspace name: davineves - uri: /home/davineves/train_rules.py
2025-10-31 17:35:19.912 [info] Discover tests for workspace name: davineves - uri: /home/davineves/train_rules.py
2025-10-31 17:38:05.936 [info] Discover tests for workspace name: davineves - uri: /home/davineves/train_rules.py
2025-10-31 17:41:07.856 [info] Discover tests for workspace name: davineves - uri: /home/davineves/train_rules.py
2025-10-31 17:42:20.313 [info] Discover tests for workspace name: davineves - uri: /home/davineves/train_rules.py
2025-10-31 17:48:39.685 [info] Discover tests for workspace name: davineves - uri: /home/davineves/train_rules.py
2025-10-31 17:48:41.106 [info] Discover tests for workspace name: davineves - uri: /home/davineves/train_rules.py
