2025-10-31 15:19:14.591 [info] [main] Log level: Info
2025-10-31 15:19:14.591 [info] [main] Validating found git in: "git"
2025-10-31 15:19:14.591 [info] [main] Using git "2.39.5" from "git"
2025-10-31 15:19:14.591 [info] [Model][doInitialScan] Initial repository scan started
2025-10-31 15:19:14.591 [info] > git rev-parse --show-toplevel [14ms]
2025-10-31 15:19:14.591 [info] fatal: not a git repository (or any of the parent directories): .git
2025-10-31 15:19:14.591 [info] > git rev-parse --show-toplevel [18ms]
2025-10-31 15:19:14.591 [info] fatal: not a git repository (or any of the parent directories): .git
2025-10-31 15:19:14.591 [info] > git rev-parse --show-toplevel [5ms]
2025-10-31 15:19:14.591 [info] fatal: not a git repository (or any of the parent directories): .git
2025-10-31 15:19:14.591 [info] > git rev-parse --show-toplevel [2ms]
2025-10-31 15:19:14.591 [info] fatal: not a git repository (or any of the parent directories): .git
2025-10-31 15:19:14.591 [info] > git rev-parse --show-toplevel [7ms]
2025-10-31 15:19:14.591 [info] fatal: not a git repository (or any of the parent directories): .git
2025-10-31 15:19:14.591 [info] > git rev-parse --show-toplevel [1ms]
2025-10-31 15:19:14.591 [info] fatal: not a git repository (or any of the parent directories): .git
2025-10-31 15:19:14.591 [info] > git rev-parse --show-toplevel [2ms]
2025-10-31 15:19:14.591 [info] fatal: not a git repository (or any of the parent directories): .git
2025-10-31 15:19:14.591 [info] > git rev-parse --show-toplevel [9ms]
2025-10-31 15:19:14.591 [info] fatal: not a git repository (or any of the parent directories): .git
2025-10-31 15:19:14.591 [info] > git rev-parse --show-toplevel [4ms]
2025-10-31 15:19:14.591 [info] fatal: not a git repository (or any of the parent directories): .git
2025-10-31 15:19:14.591 [info] > git rev-parse --show-toplevel [6ms]
2025-10-31 15:19:14.591 [info] fatal: not a git repository (or any of the parent directories): .git
2025-10-31 15:19:14.591 [info] > git rev-parse --show-toplevel [8ms]
2025-10-31 15:19:14.591 [info] fatal: not a git repository (or any of the parent directories): .git
2025-10-31 15:19:14.591 [info] > git rev-parse --show-toplevel [32ms]
2025-10-31 15:19:14.591 [info] fatal: not a git repository (or any of the parent directories): .git
2025-10-31 15:19:14.591 [info] > git rev-parse --show-toplevel [8ms]
2025-10-31 15:19:14.594 [info] > git rev-parse --git-dir --git-common-dir [3ms]
2025-10-31 15:19:14.618 [info] [Model][openRepository] Opened repository: /home/davineves/playlist-argocd
2025-10-31 15:19:14.647 [info] > git rev-parse --show-toplevel [1ms]
2025-10-31 15:19:14.647 [info] fatal: not a git repository (or any of the parent directories): .git
2025-10-31 15:19:14.648 [info] > git config --get commit.template [13ms]
2025-10-31 15:19:14.666 [info] > git rev-parse --show-toplevel [12ms]
2025-10-31 15:19:14.666 [info] fatal: not a git repository (or any of the parent directories): .git
2025-10-31 15:19:14.670 [info] [Model][doInitialScan] Initial repository scan completed - repositories (1), closed repositories (0), parent repositories (0), unsafe repositories (0)
2025-10-31 15:19:14.680 [info] > git for-each-ref --format=%(refname)%00%(upstream:short)%00%(objectname)%00%(upstream:track)%00%(upstream:remotename)%00%(upstream:remoteref) refs/heads/main refs/remotes/main [16ms]
2025-10-31 15:19:14.683 [info] > git rev-parse --show-toplevel [4ms]
2025-10-31 15:19:14.683 [info] fatal: not a git repository (or any of the parent directories): .git
2025-10-31 15:19:14.710 [info] > git status -z -uall [8ms]
2025-10-31 15:19:14.710 [info] > git for-each-ref --sort -committerdate --format %(refname) %(objectname) %(*objectname) [3ms]
2025-10-31 15:19:14.759 [info] > git for-each-ref --format=%(refname)%00%(upstream:short)%00%(objectname)%00%(upstream:track)%00%(upstream:remotename)%00%(upstream:remoteref) refs/heads/main refs/remotes/main [24ms]
2025-10-31 15:19:14.768 [info] > git config --get commit.template [10ms]
2025-10-31 15:19:14.768 [info] > git config --get --local branch.main.vscode-merge-base [2ms]
2025-10-31 15:19:14.769 [warning] [Git][config] git config failed: Failed to execute git
2025-10-31 15:19:14.786 [info] > git reflog main --grep-reflog=branch: Created from *. [11ms]
2025-10-31 15:19:14.804 [info] > git for-each-ref --format=%(refname)%00%(upstream:short)%00%(objectname)%00%(upstream:track)%00%(upstream:remotename)%00%(upstream:remoteref) refs/heads/main refs/remotes/main [19ms]
2025-10-31 15:19:14.805 [info] > git symbolic-ref --short refs/remotes/origin/HEAD [4ms]
2025-10-31 15:19:14.805 [info] fatal: ref refs/remotes/origin/HEAD is not a symbolic ref
2025-10-31 15:19:14.805 [warning] [Repository][getDefaultBranch] Failed to get default branch details: Failed to execute git.
2025-10-31 15:19:14.819 [info] > git merge-base refs/heads/main refs/remotes/origin/main [4ms]
2025-10-31 15:19:14.847 [info] > git status -z -uall [11ms]
2025-10-31 15:19:14.848 [info] > git diff --name-status -z --diff-filter=ADMR 29a95e50d14bef8c7c07c023f508f379b02842da...refs/remotes/origin/main [21ms]
2025-10-31 15:19:14.864 [info] > git for-each-ref --sort -committerdate --format %(refname) %(objectname) %(*objectname) [20ms]
2025-10-31 15:19:15.496 [info] > git check-ignore -v -z --stdin [24ms]
2025-10-31 15:19:17.379 [info] > git rev-parse --show-toplevel [6ms]
2025-10-31 15:19:17.379 [info] fatal: not a git repository (or any of the parent directories): .git
2025-10-31 15:19:24.265 [info] > git rev-parse --show-toplevel [4ms]
2025-10-31 15:19:24.265 [info] fatal: not a git repository (or any of the parent directories): .git
2025-10-31 15:19:24.292 [info] > git rev-parse --show-toplevel [3ms]
2025-10-31 15:19:24.293 [info] fatal: not a git repository (or any of the parent directories): .git
2025-10-31 15:19:24.313 [info] > git rev-parse --show-toplevel [1ms]
2025-10-31 15:19:24.313 [info] fatal: not a git repository (or any of the parent directories): .git
2025-10-31 15:19:24.328 [info] > git rev-parse --show-toplevel [2ms]
2025-10-31 15:19:24.328 [info] fatal: not a git repository (or any of the parent directories): .git
2025-10-31 15:19:24.401 [info] > git rev-parse --show-toplevel [56ms]
2025-10-31 15:19:24.401 [info] fatal: not a git repository (or any of the parent directories): .git
2025-10-31 15:19:24.426 [info] > git rev-parse --show-toplevel [6ms]
2025-10-31 15:19:24.426 [info] fatal: not a git repository (or any of the parent directories): .git
2025-10-31 15:19:24.469 [info] > git rev-parse --show-toplevel [26ms]
2025-10-31 15:19:24.469 [info] fatal: not a git repository (or any of the parent directories): .git
2025-10-31 15:19:27.096 [info] > git rev-parse --show-toplevel [2612ms]
2025-10-31 15:19:27.096 [info] fatal: not a git repository (or any of the parent directories): .git
2025-10-31 15:19:27.146 [info] > git rev-parse --show-toplevel [4ms]
2025-10-31 15:19:27.146 [info] fatal: not a git repository (or any of the parent directories): .git
2025-10-31 15:19:27.165 [info] > git rev-parse --show-toplevel [7ms]
2025-10-31 15:19:27.165 [info] fatal: not a git repository (or any of the parent directories): .git
2025-10-31 15:19:27.181 [info] > git rev-parse --show-toplevel [3ms]
2025-10-31 15:19:27.181 [info] fatal: not a git repository (or any of the parent directories): .git
2025-10-31 15:19:27.198 [info] > git rev-parse --show-toplevel [3ms]
2025-10-31 15:19:27.198 [info] fatal: not a git repository (or any of the parent directories): .git
2025-10-31 15:19:27.212 [info] > git rev-parse --show-toplevel [2ms]
2025-10-31 15:19:27.212 [info] fatal: not a git repository (or any of the parent directories): .git
2025-10-31 15:19:27.227 [info] > git rev-parse --show-toplevel [2ms]
2025-10-31 15:19:27.227 [info] fatal: not a git repository (or any of the parent directories): .git
2025-10-31 15:19:27.242 [info] > git rev-parse --show-toplevel [1ms]
2025-10-31 15:19:27.242 [info] fatal: not a git repository (or any of the parent directories): .git
2025-10-31 15:19:27.258 [info] > git rev-parse --show-toplevel [3ms]
2025-10-31 15:19:27.258 [info] fatal: not a git repository (or any of the parent directories): .git
2025-10-31 15:19:27.277 [info] > git rev-parse --show-toplevel [3ms]
2025-10-31 15:19:27.277 [info] fatal: not a git repository (or any of the parent directories): .git
2025-10-31 15:19:27.294 [info] > git rev-parse --show-toplevel [2ms]
2025-10-31 15:19:27.294 [info] fatal: not a git repository (or any of the parent directories): .git
2025-10-31 15:19:27.314 [info] > git rev-parse --show-toplevel [3ms]
2025-10-31 15:19:27.314 [info] fatal: not a git repository (or any of the parent directories): .git
2025-10-31 15:19:27.331 [info] > git rev-parse --show-toplevel [2ms]
2025-10-31 15:19:27.332 [info] fatal: not a git repository (or any of the parent directories): .git
2025-10-31 15:19:27.349 [info] > git rev-parse --show-toplevel [3ms]
2025-10-31 15:19:27.349 [info] fatal: not a git repository (or any of the parent directories): .git
2025-10-31 15:19:27.367 [info] > git rev-parse --show-toplevel [3ms]
2025-10-31 15:19:27.367 [info] fatal: not a git repository (or any of the parent directories): .git
2025-10-31 15:19:27.385 [info] > git rev-parse --show-toplevel [2ms]
2025-10-31 15:19:27.385 [info] fatal: not a git repository (or any of the parent directories): .git
2025-10-31 15:19:27.403 [info] > git rev-parse --show-toplevel [2ms]
2025-10-31 15:19:27.403 [info] fatal: not a git repository (or any of the parent directories): .git
2025-10-31 15:19:27.424 [info] > git rev-parse --show-toplevel [6ms]
2025-10-31 15:19:27.424 [info] fatal: not a git repository (or any of the parent directories): .git
2025-10-31 15:19:27.441 [info] > git rev-parse --show-toplevel [3ms]
2025-10-31 15:19:27.441 [info] fatal: not a git repository (or any of the parent directories): .git
2025-10-31 15:19:27.459 [info] > git rev-parse --show-toplevel [4ms]
2025-10-31 15:19:27.459 [info] fatal: not a git repository (or any of the parent directories): .git
2025-10-31 15:19:27.477 [info] > git rev-parse --show-toplevel [3ms]
2025-10-31 15:19:27.477 [info] fatal: not a git repository (or any of the parent directories): .git
2025-10-31 15:19:27.567 [info] > git rev-parse --show-toplevel [77ms]
2025-10-31 15:19:27.567 [info] fatal: not a git repository (or any of the parent directories): .git
2025-10-31 15:19:27.582 [info] > git rev-parse --show-toplevel [2ms]
2025-10-31 15:19:27.582 [info] fatal: not a git repository (or any of the parent directories): .git
2025-10-31 15:19:27.600 [info] > git rev-parse --show-toplevel [6ms]
2025-10-31 15:19:27.600 [info] fatal: not a git repository (or any of the parent directories): .git
2025-10-31 15:19:27.610 [info] > git rev-parse --show-toplevel [2ms]
2025-10-31 15:19:27.610 [info] fatal: not a git repository (or any of the parent directories): .git
2025-10-31 15:19:27.621 [info] > git rev-parse --show-toplevel [2ms]
2025-10-31 15:19:27.621 [info] fatal: not a git repository (or any of the parent directories): .git
2025-10-31 15:19:27.631 [info] > git rev-parse --show-toplevel [2ms]
2025-10-31 15:19:27.631 [info] fatal: not a git repository (or any of the parent directories): .git
2025-10-31 15:19:27.646 [info] > git rev-parse --show-toplevel [2ms]
2025-10-31 15:19:27.646 [info] fatal: not a git repository (or any of the parent directories): .git
2025-10-31 15:19:27.663 [info] > git rev-parse --show-toplevel [3ms]
2025-10-31 15:19:27.663 [info] fatal: not a git repository (or any of the parent directories): .git
2025-10-31 15:19:27.680 [info] > git rev-parse --show-toplevel [2ms]
2025-10-31 15:19:27.680 [info] fatal: not a git repository (or any of the parent directories): .git
2025-10-31 15:19:39.996 [info] > git rev-parse --show-toplevel [3ms]
2025-10-31 15:19:39.996 [info] fatal: not a git repository (or any of the parent directories): .git
2025-10-31 15:20:46.152 [info] > git config --get commit.template [20ms]
2025-10-31 15:20:46.171 [info] > git for-each-ref --format=%(refname)%00%(upstream:short)%00%(objectname)%00%(upstream:track)%00%(upstream:remotename)%00%(upstream:remoteref) refs/heads/main refs/remotes/main [21ms]
2025-10-31 15:20:46.213 [info] > git status -z -uall [21ms]
2025-10-31 15:20:46.213 [info] > git for-each-ref --sort -committerdate --format %(refname) %(objectname) %(*objectname) [8ms]
