2025-10-30 13:56:21.187 [info] Native locator: Refresh started
2025-10-30 13:56:21.258 [info] Native locator: Refresh finished in 369 ms
2025-10-30 13:56:21.556 [info] Skipping ActivatedEnv Detection:  process.env.VSCODE_CLI !== '1'
2025-10-30 13:56:26.481 [info] > pyenv which python
2025-10-30 13:56:26.481 [info] cwd: .
2025-10-30 13:56:28.067 [info] Running installed packages checker:  {
  id: '/home/davineves/.venv/bin/python',
  sysPrefix: '/home/davineves/.venv',
  envType: 'Venv',
  envName: '.venv',
  envPath: '/home/davineves/.venv/bin/python',
  path: '/home/davineves/.venv/bin/python',
  architecture: 3,
  sysVersion: '',
  version: {
    raw: '3.14.0',
    major: 3,
    minor: 14,
    patch: 0,
    build: [],
    prerelease: []
  },
  displayName: 'Python 3.14.0 (.venv)',
  detailedDisplayName: 'Python 3.14.0 (.venv)',
  type: 'Virtual'
} /home/davineves/.vscode-server/extensions/ms-python.python-2025.16.0-linux-x64/python_files/installed_check.py /home/davineves/requirements.txt
2025-10-30 13:56:28.067 [info] > ./.venv/bin/python ./.vscode-server/extensions/ms-python.python-2025.16.0-linux-x64/python_files/installed_check.py ./requirements.txt
2025-10-30 13:56:28.067 [info] Python interpreter path: ./.venv/bin/python
2025-10-30 13:56:29.192 [info] Send text to terminal: source /home/davineves/.venv/bin/activate
2025-10-30 13:56:29.870 [info] Starting Pylance language server.
2025-10-30 14:16:21.790 [info] Discover tests for workspace name: davineves - uri: /home/davineves/train_rules.py
2025-10-30 14:16:49.501 [info] Discover tests for workspace name: davineves - uri: /home/davineves/app.py
2025-10-30 14:17:20.570 [info] Running installed packages checker:  {
  id: '/home/davineves/.venv/bin/python',
  sysPrefix: '/home/davineves/.venv',
  envType: 'Venv',
  envName: '.venv',
  envPath: '/home/davineves/.venv/bin/python',
  path: '/home/davineves/.venv/bin/python',
  architecture: 3,
  sysVersion: '',
  version: {
    raw: '3.14.0',
    major: 3,
    minor: 14,
    patch: 0,
    build: [],
    prerelease: []
  },
  displayName: 'Python 3.14.0 (.venv)',
  detailedDisplayName: 'Python 3.14.0 (.venv)',
  type: 'Virtual'
} /home/davineves/.vscode-server/extensions/ms-python.python-2025.16.0-linux-x64/python_files/installed_check.py /home/davineves/requirements-api.txt
2025-10-30 14:17:20.570 [info] > ./.venv/bin/python ./.vscode-server/extensions/ms-python.python-2025.16.0-linux-x64/python_files/installed_check.py ./requirements-api.txt
2025-10-30 14:17:27.391 [info] Running installed packages checker:  {
  id: '/home/davineves/.venv/bin/python',
  sysPrefix: '/home/davineves/.venv',
  envType: 'Venv',
  envName: '.venv',
  envPath: '/home/davineves/.venv/bin/python',
  path: '/home/davineves/.venv/bin/python',
  architecture: 3,
  sysVersion: '',
  version: {
    raw: '3.14.0',
    major: 3,
    minor: 14,
    patch: 0,
    build: [],
    prerelease: []
  },
  displayName: 'Python 3.14.0 (.venv)',
  detailedDisplayName: 'Python 3.14.0 (.venv)',
  type: 'Virtual'
} /home/davineves/.vscode-server/extensions/ms-python.python-2025.16.0-linux-x64/python_files/installed_check.py /home/davineves/requirements-api.txt
2025-10-30 14:17:27.391 [info] > ./.venv/bin/python ./.vscode-server/extensions/ms-python.python-2025.16.0-linux-x64/python_files/installed_check.py ./requirements-api.txt
2025-10-30 14:17:29.520 [info] Discover tests for workspace name: davineves - uri: /home/davineves/app.py
