2025-10-31 01:14:47.834 [info] [main] Log level: Info
2025-10-31 01:14:47.834 [info] [main] Validating found git in: "git"
2025-10-31 01:14:47.834 [info] [main] Using git "2.39.5" from "git"
2025-10-31 01:14:47.834 [info] [Model][doInitialScan] Initial repository scan started
2025-10-31 01:14:47.834 [info] > git rev-parse --show-toplevel [4ms]
2025-10-31 01:14:47.834 [info] fatal: not a git repository (or any of the parent directories): .git
2025-10-31 01:14:47.834 [info] > git rev-parse --show-toplevel [3ms]
2025-10-31 01:14:47.834 [info] fatal: not a git repository (or any of the parent directories): .git
2025-10-31 01:14:47.834 [info] > git rev-parse --show-toplevel [4ms]
2025-10-31 01:14:47.834 [info] fatal: not a git repository (or any of the parent directories): .git
2025-10-31 01:14:47.836 [info] > git rev-parse --show-toplevel [2ms]
2025-10-31 01:14:47.836 [info] fatal: not a git repository (or any of the parent directories): .git
2025-10-31 01:14:47.843 [info] > git rev-parse --show-toplevel [3ms]
2025-10-31 01:14:47.843 [info] fatal: not a git repository (or any of the parent directories): .git
2025-10-31 01:14:47.846 [info] [Model][doInitialScan] Initial repository scan completed - repositories (0), closed repositories (0), parent repositories (0), unsafe repositories (0)
2025-10-31 01:14:51.564 [info] > git rev-parse --show-toplevel [161ms]
2025-10-31 01:14:51.564 [info] fatal: not a git repository (or any of the parent directories): .git
2025-10-31 01:14:51.595 [info] > git rev-parse --show-toplevel [14ms]
2025-10-31 01:14:51.595 [info] fatal: not a git repository (or any of the parent directories): .git
2025-10-31 01:14:52.105 [info] > git rev-parse --show-toplevel [3ms]
2025-10-31 01:14:52.106 [info] fatal: not a git repository (or any of the parent directories): .git
