2025-10-30 14:51:29.913 [info] [main] Log level: Info
2025-10-30 14:51:29.913 [info] [main] Validating found git in: "git"
2025-10-30 14:51:29.913 [info] [main] Using git "2.39.5" from "git"
2025-10-30 14:51:29.913 [info] [Model][doInitialScan] Initial repository scan started
2025-10-30 14:51:29.913 [info] > git rev-parse --show-toplevel [5ms]
2025-10-30 14:51:29.913 [info] fatal: not a git repository (or any of the parent directories): .git
2025-10-30 14:51:29.913 [info] > git rev-parse --show-toplevel [6ms]
2025-10-30 14:51:29.913 [info] fatal: not a git repository (or any of the parent directories): .git
2025-10-30 14:51:29.913 [info] > git rev-parse --show-toplevel [13ms]
2025-10-30 14:51:29.913 [info] fatal: not a git repository (or any of the parent directories): .git
2025-10-30 14:51:29.913 [info] > git rev-parse --show-toplevel [9ms]
2025-10-30 14:51:29.913 [info] fatal: not a git repository (or any of the parent directories): .git
2025-10-30 14:51:29.913 [info] > git rev-parse --show-toplevel [3ms]
2025-10-30 14:51:29.913 [info] fatal: not a git repository (or any of the parent directories): .git
2025-10-30 14:51:29.913 [info] > git rev-parse --show-toplevel [2ms]
2025-10-30 14:51:29.913 [info] fatal: not a git repository (or any of the parent directories): .git
2025-10-30 14:51:29.913 [info] > git rev-parse --show-toplevel [2ms]
2025-10-30 14:51:29.913 [info] fatal: not a git repository (or any of the parent directories): .git
2025-10-30 14:51:29.913 [info] > git rev-parse --show-toplevel [2ms]
2025-10-30 14:51:29.913 [info] fatal: not a git repository (or any of the parent directories): .git
2025-10-30 14:51:29.913 [info] > git rev-parse --show-toplevel [2ms]
2025-10-30 14:51:29.913 [info] fatal: not a git repository (or any of the parent directories): .git
2025-10-30 14:51:29.913 [info] > git rev-parse --show-toplevel [2ms]
2025-10-30 14:51:29.913 [info] fatal: not a git repository (or any of the parent directories): .git
2025-10-30 14:51:29.913 [info] > git rev-parse --show-toplevel [3ms]
2025-10-30 14:51:29.913 [info] fatal: not a git repository (or any of the parent directories): .git
2025-10-30 14:51:29.913 [info] > git rev-parse --show-toplevel [3ms]
2025-10-30 14:51:29.913 [info] fatal: not a git repository (or any of the parent directories): .git
2025-10-30 14:51:29.913 [info] [Model][doInitialScan] Initial repository scan completed - repositories (0), closed repositories (0), parent repositories (0), unsafe repositories (0)
2025-10-30 14:51:33.990 [info] > git rev-parse --show-toplevel [5ms]
2025-10-30 14:51:33.990 [info] fatal: not a git repository (or any of the parent directories): .git
2025-10-30 14:51:36.330 [info] > git rev-parse --show-toplevel [5ms]
2025-10-30 14:51:36.330 [info] fatal: not a git repository (or any of the parent directories): .git
2025-10-30 14:52:10.416 [info] > git rev-parse --show-toplevel [4ms]
2025-10-30 14:52:10.416 [info] fatal: not a git repository (or any of the parent directories): .git
2025-10-30 14:52:30.612 [info] > git rev-parse --show-toplevel [3ms]
2025-10-30 14:52:30.613 [info] fatal: not a git repository (or any of the parent directories): .git
2025-10-30 14:52:45.450 [info] > git rev-parse --show-toplevel [3ms]
2025-10-30 14:52:45.450 [info] fatal: not a git repository (or any of the parent directories): .git
2025-10-30 14:53:46.624 [info] > git rev-parse --show-toplevel [2ms]
2025-10-30 14:53:46.624 [info] fatal: not a git repository (or any of the parent directories): .git
