2025-10-30 13:17:01.349 [info] Native locator: Refresh started
2025-10-30 13:17:01.438 [info] Native locator: Refresh finished in 490 ms
2025-10-30 13:17:02.396 [info] Skipping ActivatedEnv Detection:  process.env.VSCODE_CLI !== '1'
2025-10-30 13:17:02.469 [info] Python interpreter path: /home/linuxbrew/.linuxbrew/bin/python3
2025-10-30 13:17:02.479 [info] > pyenv which python
2025-10-30 13:17:02.479 [info] cwd: .
2025-10-30 13:17:03.541 [info] Starting Pylance language server.
2025-10-30 13:27:34.619 [info] Discover tests for workspace name: davineves - uri: /home/davineves/main.py
2025-10-30 13:27:35.109 [info] Send text to terminal: /home/linuxbrew/.linuxbrew/bin/python3 /home/davineves/main.py
2025-10-30 13:27:49.772 [info] Selected workspace /home/davineves for creating virtual environment.
2025-10-30 13:27:49.787 [info] Native locator: Refresh started
2025-10-30 13:27:50.018 [info] Native locator: Refresh finished in 231 ms
2025-10-30 13:27:53.415 [info] Selected interpreter /home/linuxbrew/.linuxbrew/bin/python3 for creating virtual environment.
2025-10-30 13:28:07.697 [info] Running Env creation script:  [
  '/home/linuxbrew/.linuxbrew/bin/python3',
  '/home/davineves/.vscode-server/extensions/ms-python.python-2025.16.0-linux-x64/python_files/create_venv.py',
  '--git-ignore',
  '--requirements',
  '/home/davineves/.vscode-server/extensions/ms-python.python-2025.16.0-linux-x64/requirements.txt',
  '--requirements',
  '/home/davineves/.vscode-server/extensions/ms-python.python-2025.16.0-linux-x64/python_files/jedilsp_requirements/requirements.txt'
]
2025-10-30 13:28:07.697 [info] > /home/linuxbrew/.linuxbrew/bin/python3 ./.vscode-server/extensions/ms-python.python-2025.16.0-linux-x64/python_files/create_venv.py --git-ignore --requirements ./.vscode-server/extensions/ms-python.python-2025.16.0-linux-x64/requirements.txt --requirements ./.vscode-server/extensions/ms-python.python-2025.16.0-linux-x64/python_files/jedilsp_requirements/requirements.txt
2025-10-30 13:28:07.697 [info] cwd: .
2025-10-30 13:28:08.197 [info] Running: /home/linuxbrew/.linuxbrew/opt/python@3.14/bin/python3.14 -m venv .venv
2025-10-30 13:28:12.789 [info] CREATED_VENV:/home/davineves/.venv/bin/python
CREATE_VENV.UPGRADING_PIP
Running: /home/davineves/.venv/bin/python -m pip install --upgrade pip
2025-10-30 13:28:13.988 [info] Requirement already satisfied: pip in ./.venv/lib/python3.14/site-packages (25.2)
2025-10-30 13:28:14.113 [info] Collecting pip
2025-10-30 13:28:14.226 [info]   Downloading pip-25.3-py3-none-any.whl.metadata (4.7 kB)
2025-10-30 13:28:14.268 [info] Downloading pip-25.3-py3-none-any.whl (1.8 MB)
2025-10-30 13:28:14.366 [info]    ━━━━━━━━━━━━━━━━━━━━━━━━━━━━━━━━━━━━━━━━ 1.8/1.8 MB 27.5 MB/s  0:00:00
2025-10-30 13:28:14.366 [info] 
2025-10-30 13:28:14.399 [info] Installing collected packages: pip
2025-10-30 13:28:14.400 [info]   Attempting uninstall: pip
2025-10-30 13:28:14.402 [info]     Found existing installation: pip 25.2
2025-10-30 13:28:14.429 [info]     Uninstalling pip-25.2:
2025-10-30 13:28:14.435 [info]       Successfully uninstalled pip-25.2
2025-10-30 13:28:15.926 [info] Successfully installed pip-25.3
2025-10-30 13:28:16.230 [info] CREATE_VENV.UPGRADED_PIP
VENV_INSTALLING_REQUIREMENTS: ['/home/davineves/.vscode-server/extensions/ms-python.python-2025.16.0-linux-x64/requirements.txt', '/home/davineves/.vscode-server/extensions/ms-python.python-2025.16.0-linux-x64/python_files/jedilsp_requirements/requirements.txt']
VENV_INSTALLING_REQUIREMENTS: /home/davineves/.vscode-server/extensions/ms-python.python-2025.16.0-linux-x64/requirements.txt
Running: /home/davineves/.venv/bin/python -m pip install -r /home/davineves/.vscode-server/extensions/ms-python.python-2025.16.0-linux-x64/requirements.txt
2025-10-30 13:28:17.445 [info] Collecting importlib-metadata==8.7.0 (from -r /home/davineves/.vscode-server/extensions/ms-python.python-2025.16.0-linux-x64/requirements.txt (line 3))
2025-10-30 13:28:17.508 [info]   Downloading importlib_metadata-8.7.0-py3-none-any.whl (27 kB)
2025-10-30 13:28:17.587 [info] Collecting microvenv==2025.0 (from -r /home/davineves/.vscode-server/extensions/ms-python.python-2025.16.0-linux-x64/requirements.txt (line 7))
2025-10-30 13:28:17.604 [info]   Downloading microvenv-2025.0-py3-none-any.whl (8.2 kB)
2025-10-30 13:28:17.671 [info] Collecting packaging==25.0 (from -r /home/davineves/.vscode-server/extensions/ms-python.python-2025.16.0-linux-x64/requirements.txt (line 11))
2025-10-30 13:28:17.684 [info]   Downloading packaging-25.0-py3-none-any.whl (66 kB)
2025-10-30 13:28:17.779 [info] Collecting tomli==2.2.1 (from -r /home/davineves/.vscode-server/extensions/ms-python.python-2025.16.0-linux-x64/requirements.txt (line 15))
2025-10-30 13:28:17.798 [info]   Downloading tomli-2.2.1-py3-none-any.whl (14 kB)
2025-10-30 13:28:17.878 [info] Collecting typing-extensions==4.15.0 (from -r /home/davineves/.vscode-server/extensions/ms-python.python-2025.16.0-linux-x64/requirements.txt (line 49))
2025-10-30 13:28:17.894 [info]   Downloading typing_extensions-4.15.0-py3-none-any.whl (44 kB)
2025-10-30 13:28:17.971 [info] Collecting zipp==3.21.0 (from -r /home/davineves/.vscode-server/extensions/ms-python.python-2025.16.0-linux-x64/requirements.txt (line 53))
2025-10-30 13:28:17.987 [info]   Downloading zipp-3.21.0-py3-none-any.whl (9.6 kB)
2025-10-30 13:28:18.036 [info] Installing collected packages: zipp, typing-extensions, tomli, packaging, microvenv, importlib-metadata
2025-10-30 13:28:18.281 [info] 
Successfully installed importlib-metadata-8.7.0 microvenv-2025.0 packaging-25.0 tomli-2.2.1 typing-extensions-4.15.0 zipp-3.21.0
2025-10-30 13:28:18.435 [info] VENV_INSTALLING_REQUIREMENTS: /home/davineves/.vscode-server/extensions/ms-python.python-2025.16.0-linux-x64/python_files/jedilsp_requirements/requirements.txt
Running: /home/davineves/.venv/bin/python -m pip install -r /home/davineves/.vscode-server/extensions/ms-python.python-2025.16.0-linux-x64/python_files/jedilsp_requirements/requirements.txt
2025-10-30 13:28:19.581 [info] Collecting attrs==25.3.0 (from -r /home/davineves/.vscode-server/extensions/ms-python.python-2025.16.0-linux-x64/python_files/jedilsp_requirements/requirements.txt (line 3))
2025-10-30 13:28:19.644 [info]   Downloading attrs-25.3.0-py3-none-any.whl (63 kB)
2025-10-30 13:28:19.752 [info] Collecting cattrs==25.2.0 (from -r /home/davineves/.vscode-server/extensions/ms-python.python-2025.16.0-linux-x64/python_files/jedilsp_requirements/requirements.txt (line 9))
2025-10-30 13:28:19.768 [info]   Downloading cattrs-25.2.0-py3-none-any.whl (70 kB)
2025-10-30 13:28:20.191 [info] Collecting docstring-to-markdown==0.17 (from -r /home/davineves/.vscode-server/extensions/ms-python.python-2025.16.0-linux-x64/python_files/jedilsp_requirements/requirements.txt (line 16))
2025-10-30 13:28:20.208 [info]   Downloading docstring_to_markdown-0.17-py3-none-any.whl (23 kB)
2025-10-30 13:28:20.281 [info] Collecting exceptiongroup==1.3.0 (from -r /home/davineves/.vscode-server/extensions/ms-python.python-2025.16.0-linux-x64/python_files/jedilsp_requirements/requirements.txt (line 20))
2025-10-30 13:28:20.298 [info]   Downloading exceptiongroup-1.3.0-py3-none-any.whl (16 kB)
2025-10-30 13:28:20.321 [info] Requirement already satisfied: importlib-metadata==8.7.0 in ./.venv/lib/python3.14/site-packages (from -r /home/davineves/.vscode-server/extensions/ms-python.python-2025.16.0-linux-x64/python_files/jedilsp_requirements/requirements.txt (line 24)) (8.7.0)
2025-10-30 13:28:20.372 [info] Collecting jedi==0.19.2 (from -r /home/davineves/.vscode-server/extensions/ms-python.python-2025.16.0-linux-x64/python_files/jedilsp_requirements/requirements.txt (line 28))
2025-10-30 13:28:20.397 [info]   Downloading jedi-0.19.2-py2.py3-none-any.whl (1.6 MB)
2025-10-30 13:28:20.461 [info]      ━━━━━━━━━━━━━━━━━━━━━━━━━━━━━━━━━━━━━━━━ 1.6/1.6 MB 28.2 MB/s  0:00:00
2025-10-30 13:28:20.461 [info] 
2025-10-30 13:28:20.696 [info] Collecting jedi-language-server==0.45.1 (from -r /home/davineves/.vscode-server/extensions/ms-python.python-2025.16.0-linux-x64/python_files/jedilsp_requirements/requirements.txt (line 32))
2025-10-30 13:28:20.712 [info]   Downloading jedi_language_server-0.45.1-py3-none-any.whl (33 kB)
2025-10-30 13:28:20.762 [info] Collecting lsprotocol==2023.0.1 (from -r /home/davineves/.vscode-server/extensions/ms-python.python-2025.16.0-linux-x64/python_files/jedilsp_requirements/requirements.txt (line 36))
2025-10-30 13:28:20.779 [info]   Downloading lsprotocol-2023.0.1-py3-none-any.whl (70 kB)
2025-10-30 13:28:20.845 [info] Collecting parso==0.8.5 (from -r /home/davineves/.vscode-server/extensions/ms-python.python-2025.16.0-linux-x64/python_files/jedilsp_requirements/requirements.txt (line 42))
2025-10-30 13:28:20.860 [info]   Downloading parso-0.8.5-py2.py3-none-any.whl (106 kB)
2025-10-30 13:28:21.043 [info] Collecting pygls==1.3.1 (from -r /home/davineves/.vscode-server/extensions/ms-python.python-2025.16.0-linux-x64/python_files/jedilsp_requirements/requirements.txt (line 46))
2025-10-30 13:28:21.059 [info]   Downloading pygls-1.3.1-py3-none-any.whl (56 kB)
2025-10-30 13:28:21.083 [info] Requirement already satisfied: typing-extensions==4.15.0 in ./.venv/lib/python3.14/site-packages (from -r /home/davineves/.vscode-server/extensions/ms-python.python-2025.16.0-linux-x64/python_files/jedilsp_requirements/requirements.txt (line 52)) (4.15.0)
2025-10-30 13:28:21.140 [info] Collecting zipp==3.23.0 (from -r /home/davineves/.vscode-server/extensions/ms-python.python-2025.16.0-linux-x64/python_files/jedilsp_requirements/requirements.txt (line 60))
2025-10-30 13:28:21.158 [info]   Downloading zipp-3.23.0-py3-none-any.whl (10 kB)
2025-10-30 13:28:21.275 [info] Installing collected packages: zipp, parso, exceptiongroup, attrs, jedi, cattrs, lsprotocol, docstring-to-markdown, pygls, jedi-language-server
2025-10-30 13:28:21.275 [info]   Attempting uninstall: zipp
2025-10-30 13:28:21.278 [info]     Found existing installation: zipp 3.21.0
2025-10-30 13:28:21.281 [info]     Uninstalling zipp-3.21.0:
2025-10-30 13:28:21.282 [info]       Successfully uninstalled zipp-3.21.0
2025-10-30 13:28:22.393 [info] 
2025-10-30 13:28:22.396 [info] Successfully installed attrs-25.3.0 cattrs-25.2.0 docstring-to-markdown-0.17 exceptiongroup-1.3.0 jedi-0.19.2 jedi-language-server-0.45.1 lsprotocol-2023.0.1 parso-0.8.5 pygls-1.3.1 zipp-3.23.0
2025-10-30 13:28:22.567 [info] CREATE_VENV.PIP_INSTALLED_REQUIREMENTS
2025-10-30 13:28:22.626 [info] Send text to terminal: /home/linuxbrew/.linuxbrew/bin/python3 /home/davineves/main.py
2025-10-30 13:28:22.671 [info] Active interpreter [/home/davineves]:  /home/davineves/.venv/bin/python
2025-10-30 13:28:22.745 [info] Discover tests for workspace name: davineves - uri: /home/davineves
2025-10-30 13:28:22.745 [info] Python interpreter path: ./.venv/bin/python
2025-10-30 13:28:50.427 [info] Send text to terminal: /home/davineves/.venv/bin/python /home/davineves/main.py
2025-10-30 13:29:07.363 [info] Discover tests for workspace name: davineves - uri: /home/davineves/main.py
2025-10-30 13:33:16.703 [info] Discover tests for workspace name: undefined - uri: /Users/davifragamarques/Library/Application Support/Code/User/settings.json
2025-10-30 13:38:12.725 [info] Discover tests for workspace name: davineves - uri: /home/davineves/main.py
2025-10-30 13:43:00.833 [info] Discover tests for workspace name: davineves - uri: /home/davineves/train_rules.py
2025-10-30 13:43:08.143 [info] Discover tests for workspace name: davineves - uri: /home/davineves/train_rules.py
2025-10-30 13:43:47.522 [info] Discover tests for workspace name: davineves - uri: /home/davineves/train_rules.py
2025-10-30 13:48:49.350 [info] Running installed packages checker:  {
  id: '/home/davineves/.venv/bin/python',
  sysPrefix: '/home/davineves/.venv',
  envType: 'Venv',
  envName: '.venv',
  envPath: '/home/davineves/.venv/bin/python',
  path: '/home/davineves/.venv/bin/python',
  architecture: 3,
  sysVersion: '',
  version: {
    raw: '3.14.0',
    major: 3,
    minor: 14,
    patch: 0,
    build: [],
    prerelease: []
  },
  displayName: 'Python 3.14.0 (.venv)',
  detailedDisplayName: 'Python 3.14.0 (.venv)',
  type: 'Virtual'
} /home/davineves/.vscode-server/extensions/ms-python.python-2025.16.0-linux-x64/python_files/installed_check.py /home/davineves/requirements.txt
2025-10-30 13:48:49.350 [info] > ./.venv/bin/python ./.vscode-server/extensions/ms-python.python-2025.16.0-linux-x64/python_files/installed_check.py ./requirements.txt
2025-10-30 13:48:58.203 [info] Running installed packages checker:  {
  id: '/home/davineves/.venv/bin/python',
  sysPrefix: '/home/davineves/.venv',
  envType: 'Venv',
  envName: '.venv',
  envPath: '/home/davineves/.venv/bin/python',
  path: '/home/davineves/.venv/bin/python',
  architecture: 3,
  sysVersion: '',
  version: {
    raw: '3.14.0',
    major: 3,
    minor: 14,
    patch: 0,
    build: [],
    prerelease: []
  },
  displayName: 'Python 3.14.0 (.venv)',
  detailedDisplayName: 'Python 3.14.0 (.venv)',
  type: 'Virtual'
} /home/davineves/.vscode-server/extensions/ms-python.python-2025.16.0-linux-x64/python_files/installed_check.py /home/davineves/requirements.txt
2025-10-30 13:48:58.204 [info] > ./.venv/bin/python ./.vscode-server/extensions/ms-python.python-2025.16.0-linux-x64/python_files/installed_check.py ./requirements.txt
