2025-10-30 15:22:05.021 [info] Starting Python Locator /home/davineves/.vscode-server/extensions/ms-python.python-2025.16.0-linux-x64/python-env-tools/bin/pet server
2025-10-30 15:22:05.058 [info] Discovered env: /home/davineves/.venv/bin/python
2025-10-30 15:22:05.065 [info] Discovered env: /home/davineves/venv/bin/python
2025-10-30 15:22:05.066 [info] Discovered env: /usr/bin/python
2025-10-30 15:22:05.066 [info] Discovered env: /bin/python
2025-10-30 15:22:05.066 [info] Discovered env: /home/linuxbrew/.linuxbrew/bin/python3.13
2025-10-30 15:22:05.067 [info] Discovered env: /home/linuxbrew/.linuxbrew/bin/python3
2025-10-30 15:22:05.074 [info] Locator Conda took 58.818796ms
2025-10-30 15:22:05.074 [info] Locator Homebrew took 64.701464ms
2025-10-30 15:22:05.074 [info] Locator LinuxGlobal took 67.388399ms
2025-10-30 15:22:05.074 [info] Locator PipEnv took 966.347µs
2025-10-30 15:22:05.074 [info] Locator Pixi took 82.103µs
2025-10-30 15:22:05.074 [info] Locator Poetry took 4.77896ms
2025-10-30 15:22:05.074 [info] Locator PyEnv took 3.926877ms
2025-10-30 15:22:05.074 [info] Locator Venv took 1.619405ms
2025-10-30 15:22:05.074 [info] Locator VirtualEnv took 189.256µs
2025-10-30 15:22:05.074 [info] Locator VirtualEnvWrapper took 56.736µs
2025-10-30 15:22:05.074 [info] Locator GlobalVirtualEnvs took 172.303µs
2025-10-30 15:22:05.074 [info] Locator Locators took 79.574146ms
2025-10-30 15:22:05.074 [info] Locator Path took 97.541656ms
2025-10-30 15:22:05.074 [info] Locator Workspaces took 73.170392ms
2025-10-30 15:22:05.074 [info] Refresh completed in 98ms
2025-10-30 15:22:05.098 [info] Resolved /home/linuxbrew/.linuxbrew/bin/python3
2025-10-30 15:22:05.110 [info] Resolved /home/linuxbrew/.linuxbrew/bin/python3.13
2025-10-30 15:22:08.791 [info] Resolved Python Environment /home/davineves/.venv/bin/python
2025-10-30 15:29:20.110 [info] Resolved Python Environment /home/davineves/.venv/bin/python
2025-10-30 15:49:39.206 [info] Resolved Python Environment /home/davineves/.venv/bin/python
2025-10-30 15:51:30.438 [info] Resolved Python Environment /home/davineves/.venv/bin/python
