2025-10-30 18:00:59.392 [info] [main] Log level: Info
2025-10-30 18:00:59.392 [info] [main] Validating found git in: "git"
2025-10-30 18:00:59.392 [info] [main] Using git "2.39.5" from "git"
2025-10-30 18:00:59.392 [info] [Model][doInitialScan] Initial repository scan started
2025-10-30 18:00:59.392 [info] > git rev-parse --show-toplevel [3ms]
2025-10-30 18:00:59.392 [info] fatal: not a git repository (or any of the parent directories): .git
2025-10-30 18:00:59.392 [info] > git rev-parse --show-toplevel [9ms]
2025-10-30 18:00:59.392 [info] fatal: not a git repository (or any of the parent directories): .git
2025-10-30 18:00:59.392 [info] > git rev-parse --show-toplevel [25ms]
2025-10-30 18:00:59.392 [info] fatal: not a git repository (or any of the parent directories): .git
2025-10-30 18:00:59.392 [info] > git rev-parse --show-toplevel [2ms]
2025-10-30 18:00:59.392 [info] fatal: not a git repository (or any of the parent directories): .git
2025-10-30 18:00:59.392 [info] > git rev-parse --show-toplevel [2ms]
2025-10-30 18:00:59.392 [info] fatal: not a git repository (or any of the parent directories): .git
2025-10-30 18:00:59.392 [info] > git rev-parse --show-toplevel [4ms]
2025-10-30 18:00:59.392 [info] fatal: not a git repository (or any of the parent directories): .git
2025-10-30 18:00:59.392 [info] > git rev-parse --show-toplevel [3ms]
2025-10-30 18:00:59.392 [info] fatal: not a git repository (or any of the parent directories): .git
2025-10-30 18:00:59.392 [info] > git rev-parse --show-toplevel [9ms]
2025-10-30 18:00:59.392 [info] fatal: not a git repository (or any of the parent directories): .git
2025-10-30 18:00:59.392 [info] > git rev-parse --show-toplevel [2ms]
2025-10-30 18:00:59.392 [info] fatal: not a git repository (or any of the parent directories): .git
2025-10-30 18:00:59.392 [info] > git rev-parse --show-toplevel [2ms]
2025-10-30 18:00:59.392 [info] fatal: not a git repository (or any of the parent directories): .git
2025-10-30 18:00:59.392 [info] > git rev-parse --show-toplevel [2ms]
2025-10-30 18:00:59.392 [info] fatal: not a git repository (or any of the parent directories): .git
2025-10-30 18:00:59.392 [info] > git rev-parse --show-toplevel [3ms]
2025-10-30 18:00:59.392 [info] fatal: not a git repository (or any of the parent directories): .git
2025-10-30 18:00:59.392 [info] > git rev-parse --show-toplevel [3ms]
2025-10-30 18:00:59.392 [info] fatal: not a git repository (or any of the parent directories): .git
2025-10-30 18:00:59.392 [info] [Model][doInitialScan] Initial repository scan completed - repositories (0), closed repositories (0), parent repositories (0), unsafe repositories (0)
2025-10-30 18:01:00.429 [info] > git rev-parse --show-toplevel [3ms]
2025-10-30 18:01:00.429 [info] fatal: not a git repository (or any of the parent directories): .git
2025-10-30 18:01:03.664 [info] > git rev-parse --show-toplevel [5ms]
2025-10-30 18:01:03.664 [info] fatal: not a git repository (or any of the parent directories): .git
2025-10-30 18:01:06.072 [info] > git rev-parse --show-toplevel [3ms]
2025-10-30 18:01:06.072 [info] fatal: not a git repository (or any of the parent directories): .git
2025-10-30 18:13:33.307 [info] > git rev-parse --show-toplevel [7ms]
2025-10-30 18:13:33.307 [info] fatal: not a git repository (or any of the parent directories): .git
2025-10-30 18:13:51.487 [info] > git rev-parse --show-toplevel [4ms]
2025-10-30 18:13:51.487 [info] fatal: not a git repository (or any of the parent directories): .git
